1625743358326	geckodriver	INFO	Listening on 127.0.0.1:32911
1625743358331	mozrunner::runner	INFO	Running command: "/usr/bin/firefox" "--marionette" "user-agent=Opera/12.0(Windows NT 5.1;U;en)Presto/22.9.168 Version/12.00" "-foreground" "-no-remote" "-profile" "/tmp/rust_mozprofilegeYGG3"
1625743358762	Marionette	INFO	Marionette enabled
console.warn: SearchSettings: "get: No settings file exists, new profile?" (new NotFoundError("Could not open the file at /tmp/rust_mozprofilegeYGG3/search.json.mozlz4", (void 0)))
1625743359817	Marionette	INFO	Listening on port 45761
1625743359843	Marionette	WARN	TLS certificate errors will be ignored for this session
SourceActor threw an exception: [Exception... "Component returned failure code: 0x80470002 (NS_BASE_STREAM_CLOSED) [nsIInputStream.available]"  nsresult: "0x80470002 (NS_BASE_STREAM_CLOSED)"  location: "JS frame :: resource://devtools/shared/DevToolsUtils.js :: onResponse :: line 567"  data: no]
Stack: onResponse@resource://devtools/shared/DevToolsUtils.js:567:34
onStopRequest@resource://gre/modules/NetUtil.jsm:128:18
Line: 567, column: 0
console.error: ({})
JavaScript error: resource://devtools/shared/DevToolsUtils.js, line 567: NS_BASE_STREAM_CLOSED: Component returned failure code: 0x80470002 (NS_BASE_STREAM_CLOSED) [nsIInputStream.available]
JavaScript error: resource://devtools/server/actors/network-monitor/network-event-actor.js, line 108: Error: Got a request https://uttermost.azureedge.net/bundles/site/css/sync.css?v=doOSvW5dg5Tid6z5nzuTiBkiKtC1CCwgk3NAX_1JWTY1 without a browsingContextID set
JavaScript error: resource://devtools/server/actors/network-monitor/network-event-actor.js, line 108: Error: Got a request https://uttermost.azureedge.net/bundles/Skin_Default/css/sync.css?v=wpOt9fJddu9mPmri6tyLLpvFrgexXI59jBI6oONQEWw1 without a browsingContextID set
console.error: "Error while calling actor 'layout's method 'getGrids'" "node is null"
console.error: (new TypeError("node is null", "resource://devtools/server/actors/layout.js", 502))
console.log: WebExtensions: reset-default-search: starting.
console.log: WebExtensions: reset-default-search: No addons in our list are installed.
console.error: "Error while calling actor 'layout's method 'getGrids'" "node is null"
console.error: (new TypeError("node is null", "resource://devtools/server/actors/layout.js", 502))
console.error: "Error while calling actor 'layout's method 'getGrids'" "node is null"
console.error: (new TypeError("node is null", "resource://devtools/server/actors/layout.js", 502))
console.error: "Error while calling actor 'layout's method 'getGrids'" "node is null"
console.error: (new TypeError("node is null", "resource://devtools/server/actors/layout.js", 502))
console.error: "Error while calling actor 'layout's method 'getGrids'" "node is null"
console.error: (new TypeError("node is null", "resource://devtools/server/actors/layout.js", 502))
console.error: "Error while calling actor 'layout's method 'getGrids'" "node is null"
console.error: (new TypeError("node is null", "resource://devtools/server/actors/layout.js", 502))
console.error: "Error while calling actor 'layout's method 'getGrids'" "node is null"
console.error: (new TypeError("node is null", "resource://devtools/server/actors/layout.js", 502))
console.error: "Error while calling actor 'layout's method 'getGrids'" "node is null"
console.error: (new TypeError("node is null", "resource://devtools/server/actors/layout.js", 502))
console.error: "Error while calling actor 'layout's method 'getGrids'" "node is null"
console.error: (new TypeError("node is null", "resource://devtools/server/actors/layout.js", 502))
console.error: "Error while calling actor 'layout's method 'getGrids'" "node is null"
console.error: (new TypeError("node is null", "resource://devtools/server/actors/layout.js", 502))
console.error: "Error while calling actor 'layout's method 'getGrids'" "node is null"
console.error: (new TypeError("node is null", "resource://devtools/server/actors/layout.js", 502))
JavaScript error: https://uttermost.azureedge.net/bundles/site/js/sync.js?v=2Lk0ZQJgKkvrXHMEuBsaOHNlE31XTVEiFiZXk14sUbk1 line 24 > eval, line 9: TypeError: $(...).flexslider is not a function
JavaScript error: https://uttermost.azureedge.net/bundles/site/js/sync.js?v=2Lk0ZQJgKkvrXHMEuBsaOHNlE31XTVEiFiZXk14sUbk1 line 24 > eval, line 9: TypeError: $(...).flexslider is not a function
JavaScript error: https://uttermost.azureedge.net/bundles/site/js/sync.js?v=2Lk0ZQJgKkvrXHMEuBsaOHNlE31XTVEiFiZXk14sUbk1 line 24 > eval, line 9: TypeError: $(...).flexslider is not a function
JavaScript error: https://uttermost.azureedge.net/bundles/site/js/sync.js?v=2Lk0ZQJgKkvrXHMEuBsaOHNlE31XTVEiFiZXk14sUbk1 line 24 > eval, line 9: TypeError: $(...).flexslider is not a function
JavaScript error: https://uttermost.azureedge.net/bundles/site/js/sync.js?v=2Lk0ZQJgKkvrXHMEuBsaOHNlE31XTVEiFiZXk14sUbk1 line 24 > eval, line 9: TypeError: $(...).flexslider is not a function
JavaScript error: https://uttermost.azureedge.net/bundles/site/js/sync.js?v=2Lk0ZQJgKkvrXHMEuBsaOHNlE31XTVEiFiZXk14sUbk1 line 24 > eval, line 9: TypeError: $(...).flexslider is not a function
JavaScript error: https://uttermost.azureedge.net/bundles/site/js/sync.js?v=2Lk0ZQJgKkvrXHMEuBsaOHNlE31XTVEiFiZXk14sUbk1 line 24 > eval, line 9: TypeError: $(...).flexslider is not a function
JavaScript error: https://uttermost.azureedge.net/bundles/site/js/sync.js?v=2Lk0ZQJgKkvrXHMEuBsaOHNlE31XTVEiFiZXk14sUbk1 line 24 > eval, line 9: TypeError: $(...).flexslider is not a function
JavaScript error: https://uttermost.azureedge.net/bundles/site/js/sync.js?v=2Lk0ZQJgKkvrXHMEuBsaOHNlE31XTVEiFiZXk14sUbk1 line 24 > eval, line 9: TypeError: $(...).flexslider is not a function
JavaScript error: https://uttermost.azureedge.net/bundles/site/js/sync.js?v=2Lk0ZQJgKkvrXHMEuBsaOHNlE31XTVEiFiZXk14sUbk1 line 24 > eval, line 9: TypeError: $(...).flexslider is not a function
JavaScript error: https://uttermost.azureedge.net/bundles/site/js/sync.js?v=2Lk0ZQJgKkvrXHMEuBsaOHNlE31XTVEiFiZXk14sUbk1 line 24 > eval, line 9: TypeError: $(...).flexslider is not a function
JavaScript error: https://uttermost.azureedge.net/bundles/site/js/sync.js?v=2Lk0ZQJgKkvrXHMEuBsaOHNlE31XTVEiFiZXk14sUbk1 line 24 > eval, line 9: TypeError: $(...).flexslider is not a function
JavaScript error: https://uttermost.azureedge.net/bundles/site/js/sync.js?v=2Lk0ZQJgKkvrXHMEuBsaOHNlE31XTVEiFiZXk14sUbk1 line 24 > eval, line 9: TypeError: $(...).flexslider is not a function
JavaScript error: https://uttermost.azureedge.net/bundles/site/js/sync.js?v=2Lk0ZQJgKkvrXHMEuBsaOHNlE31XTVEiFiZXk14sUbk1 line 24 > eval, line 9: TypeError: $(...).flexslider is not a function
JavaScript error: https://uttermost.azureedge.net/bundles/site/js/sync.js?v=2Lk0ZQJgKkvrXHMEuBsaOHNlE31XTVEiFiZXk14sUbk1 line 24 > eval, line 9: TypeError: $(...).flexslider is not a function
JavaScript error: https://uttermost.azureedge.net/bundles/site/js/sync.js?v=2Lk0ZQJgKkvrXHMEuBsaOHNlE31XTVEiFiZXk14sUbk1 line 24 > eval, line 9: TypeError: $(...).flexslider is not a function
JavaScript error: https://uttermost.azureedge.net/bundles/site/js/sync.js?v=2Lk0ZQJgKkvrXHMEuBsaOHNlE31XTVEiFiZXk14sUbk1 line 24 > eval, line 9: TypeError: $(...).flexslider is not a function
JavaScript error: https://uttermost.azureedge.net/bundles/site/js/sync.js?v=2Lk0ZQJgKkvrXHMEuBsaOHNlE31XTVEiFiZXk14sUbk1 line 24 > eval, line 9: TypeError: $(...).flexslider is not a function
JavaScript error: https://uttermost.azureedge.net/bundles/site/js/sync.js?v=2Lk0ZQJgKkvrXHMEuBsaOHNlE31XTVEiFiZXk14sUbk1 line 24 > eval, line 9: TypeError: $(...).flexslider is not a function
JavaScript error: https://uttermost.azureedge.net/bundles/site/js/sync.js?v=2Lk0ZQJgKkvrXHMEuBsaOHNlE31XTVEiFiZXk14sUbk1 line 24 > eval, line 9: TypeError: $(...).flexslider is not a function
JavaScript error: https://uttermost.azureedge.net/bundles/site/js/components.zoom-panel.js?v=9iOJsrVyLoFNOBQ5W39fAqDl7Nh_Cj01wW6YZaIcEMs1, line 1: TypeError: i.addClass is not a function
JavaScript error: https://uttermost.azureedge.net/bundles/site/js/components.zoom-panel.js?v=9iOJsrVyLoFNOBQ5W39fAqDl7Nh_Cj01wW6YZaIcEMs1, line 1: TypeError: i.addClass is not a function
JavaScript error: https://uttermost.azureedge.net/bundles/site/js/components.zoom-panel.js?v=9iOJsrVyLoFNOBQ5W39fAqDl7Nh_Cj01wW6YZaIcEMs1, line 1: TypeError: i.addClass is not a function
JavaScript error: https://uttermost.azureedge.net/bundles/site/js/components.zoom-panel.js?v=9iOJsrVyLoFNOBQ5W39fAqDl7Nh_Cj01wW6YZaIcEMs1, line 1: TypeError: i.addClass is not a function
console.error: "Error while calling actor 'layout's method 'getGrids'" "node is null"
console.error: (new TypeError("node is null", "resource://devtools/server/actors/layout.js", 502))
1625919520755	geckodriver	INFO	Listening on 127.0.0.1:57137
1625919520760	mozrunner::runner	INFO	Running command: "/usr/bin/firefox" "--marionette" "user-agent=Mozilla/5.0 (X11; Linux x86_64) AppleWebKit/537.36 (KHTML, like Gecko) Chrome/33.0.1750.517 Safari/537.36" "-foreground" "-no-remote" "-profile" "/tmp/rust_mozprofileX95p4K"
1625919521202	Marionette	INFO	Marionette enabled
console.warn: SearchSettings: "get: No settings file exists, new profile?" (new NotFoundError("Could not open the file at /tmp/rust_mozprofileX95p4K/search.json.mozlz4", (void 0)))
1625919522448	Marionette	INFO	Listening on port 45213
1625919522476	Marionette	WARN	TLS certificate errors will be ignored for this session
console.log: WebExtensions: reset-default-search: starting.
console.log: WebExtensions: reset-default-search: No addons in our list are installed.
JavaScript error: https://uttermost.azureedge.net/bundles/site/js/sync.js?v=2Lk0ZQJgKkvrXHMEuBsaOHNlE31XTVEiFiZXk14sUbk1 line 24 > eval, line 9: TypeError: $(...).flexslider is not a function
JavaScript error: https://uttermost.azureedge.net/bundles/site/js/sync.js?v=2Lk0ZQJgKkvrXHMEuBsaOHNlE31XTVEiFiZXk14sUbk1 line 24 > eval, line 9: TypeError: $(...).flexslider is not a function
JavaScript error: https://uttermost.azureedge.net/bundles/site/js/sync.js?v=2Lk0ZQJgKkvrXHMEuBsaOHNlE31XTVEiFiZXk14sUbk1 line 24 > eval, line 9: TypeError: $(...).flexslider is not a function
JavaScript error: https://uttermost.azureedge.net/bundles/site/js/sync.js?v=2Lk0ZQJgKkvrXHMEuBsaOHNlE31XTVEiFiZXk14sUbk1 line 24 > eval, line 9: TypeError: $(...).flexslider is not a function
JavaScript error: https://uttermost.azureedge.net/bundles/site/js/sync.js?v=2Lk0ZQJgKkvrXHMEuBsaOHNlE31XTVEiFiZXk14sUbk1 line 24 > eval, line 9: TypeError: $(...).flexslider is not a function
JavaScript error: https://uttermost.azureedge.net/bundles/site/js/sync.js?v=2Lk0ZQJgKkvrXHMEuBsaOHNlE31XTVEiFiZXk14sUbk1 line 24 > eval, line 9: TypeError: $(...).flexslider is not a function
JavaScript error: https://uttermost.azureedge.net/bundles/site/js/sync.js?v=2Lk0ZQJgKkvrXHMEuBsaOHNlE31XTVEiFiZXk14sUbk1 line 24 > eval, line 9: TypeError: $(...).flexslider is not a function
JavaScript error: https://uttermost.azureedge.net/bundles/site/js/sync.js?v=2Lk0ZQJgKkvrXHMEuBsaOHNlE31XTVEiFiZXk14sUbk1 line 24 > eval, line 9: TypeError: $(...).flexslider is not a function
JavaScript error: https://uttermost.azureedge.net/bundles/site/js/sync.js?v=2Lk0ZQJgKkvrXHMEuBsaOHNlE31XTVEiFiZXk14sUbk1 line 24 > eval, line 9: TypeError: $(...).flexslider is not a function
JavaScript error: https://uttermost.azureedge.net/bundles/site/js/sync.js?v=2Lk0ZQJgKkvrXHMEuBsaOHNlE31XTVEiFiZXk14sUbk1 line 24 > eval, line 9: TypeError: $(...).flexslider is not a function
JavaScript error: https://uttermost.azureedge.net/bundles/site/js/sync.js?v=2Lk0ZQJgKkvrXHMEuBsaOHNlE31XTVEiFiZXk14sUbk1 line 24 > eval, line 9: TypeError: $(...).flexslider is not a function
JavaScript error: https://uttermost.azureedge.net/bundles/site/js/sync.js?v=2Lk0ZQJgKkvrXHMEuBsaOHNlE31XTVEiFiZXk14sUbk1 line 24 > eval, line 9: TypeError: $(...).flexslider is not a function
JavaScript error: https://uttermost.azureedge.net/bundles/site/js/sync.js?v=2Lk0ZQJgKkvrXHMEuBsaOHNlE31XTVEiFiZXk14sUbk1 line 24 > eval, line 9: TypeError: $(...).flexslider is not a function
JavaScript error: https://uttermost.azureedge.net/bundles/site/js/sync.js?v=2Lk0ZQJgKkvrXHMEuBsaOHNlE31XTVEiFiZXk14sUbk1 line 24 > eval, line 9: TypeError: $(...).flexslider is not a function
JavaScript error: https://uttermost.azureedge.net/bundles/site/js/sync.js?v=2Lk0ZQJgKkvrXHMEuBsaOHNlE31XTVEiFiZXk14sUbk1 line 24 > eval, line 9: TypeError: $(...).flexslider is not a function
JavaScript error: https://uttermost.azureedge.net/bundles/site/js/sync.js?v=2Lk0ZQJgKkvrXHMEuBsaOHNlE31XTVEiFiZXk14sUbk1 line 24 > eval, line 9: TypeError: $(...).flexslider is not a function
JavaScript error: https://uttermost.azureedge.net/bundles/site/js/sync.js?v=2Lk0ZQJgKkvrXHMEuBsaOHNlE31XTVEiFiZXk14sUbk1 line 24 > eval, line 9: TypeError: $(...).flexslider is not a function
JavaScript error: https://uttermost.azureedge.net/bundles/site/js/sync.js?v=2Lk0ZQJgKkvrXHMEuBsaOHNlE31XTVEiFiZXk14sUbk1 line 24 > eval, line 9: TypeError: $(...).flexslider is not a function
JavaScript error: https://uttermost.azureedge.net/bundles/site/js/sync.js?v=2Lk0ZQJgKkvrXHMEuBsaOHNlE31XTVEiFiZXk14sUbk1 line 24 > eval, line 9: TypeError: $(...).flexslider is not a function
JavaScript error: https://uttermost.azureedge.net/bundles/site/js/sync.js?v=2Lk0ZQJgKkvrXHMEuBsaOHNlE31XTVEiFiZXk14sUbk1 line 24 > eval, line 9: TypeError: $(...).flexslider is not a function
JavaScript error: https://uttermost.azureedge.net/bundles/site/js/sync.js?v=2Lk0ZQJgKkvrXHMEuBsaOHNlE31XTVEiFiZXk14sUbk1 line 24 > eval, line 9: TypeError: $(...).flexslider is not a function
JavaScript error: https://uttermost.azureedge.net/bundles/site/js/sync.js?v=2Lk0ZQJgKkvrXHMEuBsaOHNlE31XTVEiFiZXk14sUbk1 line 24 > eval, line 9: TypeError: $(...).flexslider is not a function
JavaScript error: https://uttermost.azureedge.net/bundles/site/js/sync.js?v=2Lk0ZQJgKkvrXHMEuBsaOHNlE31XTVEiFiZXk14sUbk1 line 24 > eval, line 9: TypeError: $(...).flexslider is not a function
JavaScript error: https://uttermost.azureedge.net/bundles/site/js/sync.js?v=2Lk0ZQJgKkvrXHMEuBsaOHNlE31XTVEiFiZXk14sUbk1 line 24 > eval, line 9: TypeError: $(...).flexslider is not a function
JavaScript error: https://uttermost.azureedge.net/bundles/site/js/sync.js?v=2Lk0ZQJgKkvrXHMEuBsaOHNlE31XTVEiFiZXk14sUbk1 line 24 > eval, line 9: TypeError: $(...).flexslider is not a function
JavaScript error: https://uttermost.azureedge.net/bundles/site/js/sync.js?v=2Lk0ZQJgKkvrXHMEuBsaOHNlE31XTVEiFiZXk14sUbk1 line 24 > eval, line 9: TypeError: $(...).flexslider is not a function
JavaScript error: https://uttermost.azureedge.net/bundles/site/js/sync.js?v=2Lk0ZQJgKkvrXHMEuBsaOHNlE31XTVEiFiZXk14sUbk1 line 24 > eval, line 9: TypeError: $(...).flexslider is not a function
JavaScript error: https://uttermost.azureedge.net/bundles/site/js/sync.js?v=2Lk0ZQJgKkvrXHMEuBsaOHNlE31XTVEiFiZXk14sUbk1 line 24 > eval, line 9: TypeError: $(...).flexslider is not a function
JavaScript error: https://uttermost.azureedge.net/bundles/site/js/sync.js?v=2Lk0ZQJgKkvrXHMEuBsaOHNlE31XTVEiFiZXk14sUbk1 line 24 > eval, line 9: TypeError: $(...).flexslider is not a function
JavaScript error: https://uttermost.azureedge.net/bundles/site/js/sync.js?v=2Lk0ZQJgKkvrXHMEuBsaOHNlE31XTVEiFiZXk14sUbk1 line 24 > eval, line 9: TypeError: $(...).flexslider is not a function
JavaScript error: https://uttermost.azureedge.net/bundles/site/js/sync.js?v=2Lk0ZQJgKkvrXHMEuBsaOHNlE31XTVEiFiZXk14sUbk1 line 24 > eval, line 9: TypeError: $(...).flexslider is not a function
JavaScript error: https://uttermost.azureedge.net/bundles/site/js/sync.js?v=2Lk0ZQJgKkvrXHMEuBsaOHNlE31XTVEiFiZXk14sUbk1 line 24 > eval, line 9: TypeError: $(...).flexslider is not a function
JavaScript error: https://uttermost.azureedge.net/bundles/site/js/sync.js?v=2Lk0ZQJgKkvrXHMEuBsaOHNlE31XTVEiFiZXk14sUbk1 line 24 > eval, line 9: TypeError: $(...).flexslider is not a function
JavaScript error: https://uttermost.azureedge.net/bundles/site/js/sync.js?v=2Lk0ZQJgKkvrXHMEuBsaOHNlE31XTVEiFiZXk14sUbk1 line 24 > eval, line 9: TypeError: $(...).flexslider is not a function
JavaScript error: https://uttermost.azureedge.net/bundles/site/js/sync.js?v=2Lk0ZQJgKkvrXHMEuBsaOHNlE31XTVEiFiZXk14sUbk1 line 24 > eval, line 9: TypeError: $(...).flexslider is not a function
JavaScript error: https://uttermost.azureedge.net/bundles/site/js/sync.js?v=2Lk0ZQJgKkvrXHMEuBsaOHNlE31XTVEiFiZXk14sUbk1 line 24 > eval, line 9: TypeError: $(...).flexslider is not a function
JavaScript error: https://uttermost.azureedge.net/bundles/site/js/sync.js?v=2Lk0ZQJgKkvrXHMEuBsaOHNlE31XTVEiFiZXk14sUbk1 line 24 > eval, line 9: TypeError: $(...).flexslider is not a function
JavaScript error: https://uttermost.azureedge.net/bundles/site/js/sync.js?v=2Lk0ZQJgKkvrXHMEuBsaOHNlE31XTVEiFiZXk14sUbk1 line 24 > eval, line 9: TypeError: $(...).flexslider is not a function
JavaScript error: https://uttermost.azureedge.net/bundles/site/js/sync.js?v=2Lk0ZQJgKkvrXHMEuBsaOHNlE31XTVEiFiZXk14sUbk1 line 24 > eval, line 9: TypeError: $(...).flexslider is not a function
JavaScript error: https://uttermost.azureedge.net/bundles/site/js/sync.js?v=2Lk0ZQJgKkvrXHMEuBsaOHNlE31XTVEiFiZXk14sUbk1 line 24 > eval, line 9: TypeError: $(...).flexslider is not a function
JavaScript error: https://uttermost.azureedge.net/bundles/site/js/sync.js?v=2Lk0ZQJgKkvrXHMEuBsaOHNlE31XTVEiFiZXk14sUbk1 line 24 > eval, line 9: TypeError: $(...).flexslider is not a function
JavaScript error: https://uttermost.azureedge.net/bundles/site/js/sync.js?v=2Lk0ZQJgKkvrXHMEuBsaOHNlE31XTVEiFiZXk14sUbk1 line 24 > eval, line 9: TypeError: $(...).flexslider is not a function
JavaScript error: https://uttermost.azureedge.net/bundles/site/js/sync.js?v=2Lk0ZQJgKkvrXHMEuBsaOHNlE31XTVEiFiZXk14sUbk1 line 24 > eval, line 9: TypeError: $(...).flexslider is not a function
JavaScript error: https://uttermost.azureedge.net/bundles/site/js/sync.js?v=2Lk0ZQJgKkvrXHMEuBsaOHNlE31XTVEiFiZXk14sUbk1 line 24 > eval, line 9: TypeError: $(...).flexslider is not a function
JavaScript error: https://uttermost.azureedge.net/bundles/site/js/sync.js?v=2Lk0ZQJgKkvrXHMEuBsaOHNlE31XTVEiFiZXk14sUbk1 line 24 > eval, line 9: TypeError: $(...).flexslider is not a function
JavaScript error: https://uttermost.azureedge.net/bundles/site/js/sync.js?v=2Lk0ZQJgKkvrXHMEuBsaOHNlE31XTVEiFiZXk14sUbk1 line 24 > eval, line 9: TypeError: $(...).flexslider is not a function
JavaScript error: https://uttermost.azureedge.net/bundles/site/js/sync.js?v=2Lk0ZQJgKkvrXHMEuBsaOHNlE31XTVEiFiZXk14sUbk1 line 24 > eval, line 9: TypeError: $(...).flexslider is not a function
JavaScript error: https://uttermost.azureedge.net/bundles/site/js/sync.js?v=2Lk0ZQJgKkvrXHMEuBsaOHNlE31XTVEiFiZXk14sUbk1 line 24 > eval, line 9: TypeError: $(...).flexslider is not a function
JavaScript error: https://uttermost.azureedge.net/bundles/site/js/sync.js?v=2Lk0ZQJgKkvrXHMEuBsaOHNlE31XTVEiFiZXk14sUbk1 line 24 > eval, line 9: TypeError: $(...).flexslider is not a function
JavaScript error: https://uttermost.azureedge.net/bundles/site/js/sync.js?v=2Lk0ZQJgKkvrXHMEuBsaOHNlE31XTVEiFiZXk14sUbk1 line 24 > eval, line 9: TypeError: $(...).flexslider is not a function
JavaScript error: https://uttermost.azureedge.net/bundles/site/js/sync.js?v=2Lk0ZQJgKkvrXHMEuBsaOHNlE31XTVEiFiZXk14sUbk1 line 24 > eval, line 9: TypeError: $(...).flexslider is not a function
JavaScript error: https://uttermost.azureedge.net/bundles/site/js/sync.js?v=2Lk0ZQJgKkvrXHMEuBsaOHNlE31XTVEiFiZXk14sUbk1 line 24 > eval, line 9: TypeError: $(...).flexslider is not a function
JavaScript error: https://uttermost.azureedge.net/bundles/site/js/sync.js?v=2Lk0ZQJgKkvrXHMEuBsaOHNlE31XTVEiFiZXk14sUbk1 line 24 > eval, line 9: TypeError: $(...).flexslider is not a function
JavaScript error: https://uttermost.azureedge.net/bundles/site/js/sync.js?v=2Lk0ZQJgKkvrXHMEuBsaOHNlE31XTVEiFiZXk14sUbk1 line 24 > eval, line 9: TypeError: $(...).flexslider is not a function
JavaScript error: https://uttermost.azureedge.net/bundles/site/js/sync.js?v=2Lk0ZQJgKkvrXHMEuBsaOHNlE31XTVEiFiZXk14sUbk1 line 24 > eval, line 9: TypeError: $(...).flexslider is not a function
JavaScript error: https://uttermost.azureedge.net/bundles/site/js/sync.js?v=2Lk0ZQJgKkvrXHMEuBsaOHNlE31XTVEiFiZXk14sUbk1 line 24 > eval, line 9: TypeError: $(...).flexslider is not a function
JavaScript error: https://uttermost.azureedge.net/bundles/site/js/sync.js?v=2Lk0ZQJgKkvrXHMEuBsaOHNlE31XTVEiFiZXk14sUbk1 line 24 > eval, line 9: TypeError: $(...).flexslider is not a function
JavaScript error: https://uttermost.azureedge.net/bundles/site/js/sync.js?v=2Lk0ZQJgKkvrXHMEuBsaOHNlE31XTVEiFiZXk14sUbk1 line 24 > eval, line 9: TypeError: $(...).flexslider is not a function
JavaScript error: https://uttermost.azureedge.net/bundles/site/js/sync.js?v=2Lk0ZQJgKkvrXHMEuBsaOHNlE31XTVEiFiZXk14sUbk1 line 24 > eval, line 9: TypeError: $(...).flexslider is not a function
JavaScript error: https://uttermost.azureedge.net/bundles/site/js/sync.js?v=2Lk0ZQJgKkvrXHMEuBsaOHNlE31XTVEiFiZXk14sUbk1 line 24 > eval, line 9: TypeError: $(...).flexslider is not a function
JavaScript error: https://uttermost.azureedge.net/bundles/site/js/sync.js?v=2Lk0ZQJgKkvrXHMEuBsaOHNlE31XTVEiFiZXk14sUbk1 line 24 > eval, line 9: TypeError: $(...).flexslider is not a function
JavaScript error: https://uttermost.azureedge.net/bundles/site/js/sync.js?v=2Lk0ZQJgKkvrXHMEuBsaOHNlE31XTVEiFiZXk14sUbk1 line 24 > eval, line 9: TypeError: $(...).flexslider is not a function
JavaScript error: https://uttermost.azureedge.net/bundles/site/js/sync.js?v=2Lk0ZQJgKkvrXHMEuBsaOHNlE31XTVEiFiZXk14sUbk1 line 24 > eval, line 9: TypeError: $(...).flexslider is not a function
JavaScript error: https://uttermost.azureedge.net/bundles/site/js/sync.js?v=2Lk0ZQJgKkvrXHMEuBsaOHNlE31XTVEiFiZXk14sUbk1 line 24 > eval, line 9: TypeError: $(...).flexslider is not a function
JavaScript error: https://uttermost.azureedge.net/bundles/site/js/sync.js?v=2Lk0ZQJgKkvrXHMEuBsaOHNlE31XTVEiFiZXk14sUbk1 line 24 > eval, line 9: TypeError: $(...).flexslider is not a function
JavaScript error: https://uttermost.azureedge.net/bundles/site/js/sync.js?v=2Lk0ZQJgKkvrXHMEuBsaOHNlE31XTVEiFiZXk14sUbk1 line 24 > eval, line 9: TypeError: $(...).flexslider is not a function
JavaScript error: https://uttermost.azureedge.net/bundles/site/js/sync.js?v=2Lk0ZQJgKkvrXHMEuBsaOHNlE31XTVEiFiZXk14sUbk1 line 24 > eval, line 9: TypeError: $(...).flexslider is not a function
JavaScript error: https://uttermost.azureedge.net/bundles/site/js/sync.js?v=2Lk0ZQJgKkvrXHMEuBsaOHNlE31XTVEiFiZXk14sUbk1 line 24 > eval, line 9: TypeError: $(...).flexslider is not a function
JavaScript error: https://uttermost.azureedge.net/bundles/site/js/sync.js?v=2Lk0ZQJgKkvrXHMEuBsaOHNlE31XTVEiFiZXk14sUbk1 line 24 > eval, line 9: TypeError: $(...).flexslider is not a function
JavaScript error: https://uttermost.azureedge.net/bundles/site/js/sync.js?v=2Lk0ZQJgKkvrXHMEuBsaOHNlE31XTVEiFiZXk14sUbk1 line 24 > eval, line 9: TypeError: $(...).flexslider is not a function
JavaScript error: https://uttermost.azureedge.net/bundles/site/js/sync.js?v=2Lk0ZQJgKkvrXHMEuBsaOHNlE31XTVEiFiZXk14sUbk1 line 24 > eval, line 9: TypeError: $(...).flexslider is not a function
JavaScript error: https://uttermost.azureedge.net/bundles/site/js/sync.js?v=2Lk0ZQJgKkvrXHMEuBsaOHNlE31XTVEiFiZXk14sUbk1 line 24 > eval, line 9: TypeError: $(...).flexslider is not a function
JavaScript error: https://uttermost.azureedge.net/bundles/site/js/sync.js?v=2Lk0ZQJgKkvrXHMEuBsaOHNlE31XTVEiFiZXk14sUbk1 line 24 > eval, line 9: TypeError: $(...).flexslider is not a function
JavaScript error: https://uttermost.azureedge.net/bundles/site/js/sync.js?v=2Lk0ZQJgKkvrXHMEuBsaOHNlE31XTVEiFiZXk14sUbk1 line 24 > eval, line 9: TypeError: $(...).flexslider is not a function
JavaScript error: https://uttermost.azureedge.net/bundles/site/js/sync.js?v=2Lk0ZQJgKkvrXHMEuBsaOHNlE31XTVEiFiZXk14sUbk1 line 24 > eval, line 9: TypeError: $(...).flexslider is not a function
JavaScript error: https://uttermost.azureedge.net/bundles/site/js/sync.js?v=2Lk0ZQJgKkvrXHMEuBsaOHNlE31XTVEiFiZXk14sUbk1 line 24 > eval, line 9: TypeError: $(...).flexslider is not a function
JavaScript error: https://uttermost.azureedge.net/bundles/site/js/sync.js?v=2Lk0ZQJgKkvrXHMEuBsaOHNlE31XTVEiFiZXk14sUbk1 line 24 > eval, line 9: TypeError: $(...).flexslider is not a function
JavaScript error: https://uttermost.azureedge.net/bundles/site/js/sync.js?v=2Lk0ZQJgKkvrXHMEuBsaOHNlE31XTVEiFiZXk14sUbk1 line 24 > eval, line 9: TypeError: $(...).flexslider is not a function
JavaScript error: https://uttermost.azureedge.net/bundles/site/js/sync.js?v=2Lk0ZQJgKkvrXHMEuBsaOHNlE31XTVEiFiZXk14sUbk1 line 24 > eval, line 9: TypeError: $(...).flexslider is not a function
JavaScript error: https://uttermost.azureedge.net/bundles/site/js/sync.js?v=2Lk0ZQJgKkvrXHMEuBsaOHNlE31XTVEiFiZXk14sUbk1 line 24 > eval, line 9: TypeError: $(...).flexslider is not a function
JavaScript error: https://uttermost.azureedge.net/bundles/site/js/sync.js?v=2Lk0ZQJgKkvrXHMEuBsaOHNlE31XTVEiFiZXk14sUbk1 line 24 > eval, line 9: TypeError: $(...).flexslider is not a function
JavaScript error: https://uttermost.azureedge.net/bundles/site/js/sync.js?v=2Lk0ZQJgKkvrXHMEuBsaOHNlE31XTVEiFiZXk14sUbk1 line 24 > eval, line 9: TypeError: $(...).flexslider is not a function
JavaScript error: https://uttermost.azureedge.net/bundles/site/js/sync.js?v=2Lk0ZQJgKkvrXHMEuBsaOHNlE31XTVEiFiZXk14sUbk1 line 24 > eval, line 9: TypeError: $(...).flexslider is not a function
JavaScript error: https://uttermost.azureedge.net/bundles/site/js/sync.js?v=2Lk0ZQJgKkvrXHMEuBsaOHNlE31XTVEiFiZXk14sUbk1 line 24 > eval, line 9: TypeError: $(...).flexslider is not a function
JavaScript error: https://uttermost.azureedge.net/bundles/site/js/sync.js?v=2Lk0ZQJgKkvrXHMEuBsaOHNlE31XTVEiFiZXk14sUbk1 line 24 > eval, line 9: TypeError: $(...).flexslider is not a function
JavaScript error: https://uttermost.azureedge.net/bundles/site/js/sync.js?v=2Lk0ZQJgKkvrXHMEuBsaOHNlE31XTVEiFiZXk14sUbk1 line 24 > eval, line 9: TypeError: $(...).flexslider is not a function
JavaScript error: https://uttermost.azureedge.net/bundles/site/js/sync.js?v=2Lk0ZQJgKkvrXHMEuBsaOHNlE31XTVEiFiZXk14sUbk1 line 24 > eval, line 9: TypeError: $(...).flexslider is not a function
JavaScript error: https://uttermost.azureedge.net/bundles/site/js/sync.js?v=2Lk0ZQJgKkvrXHMEuBsaOHNlE31XTVEiFiZXk14sUbk1 line 24 > eval, line 9: TypeError: $(...).flexslider is not a function
JavaScript error: https://uttermost.azureedge.net/bundles/site/js/sync.js?v=2Lk0ZQJgKkvrXHMEuBsaOHNlE31XTVEiFiZXk14sUbk1 line 24 > eval, line 9: TypeError: $(...).flexslider is not a function
JavaScript error: https://uttermost.azureedge.net/bundles/site/js/sync.js?v=2Lk0ZQJgKkvrXHMEuBsaOHNlE31XTVEiFiZXk14sUbk1 line 24 > eval, line 9: TypeError: $(...).flexslider is not a function
JavaScript error: https://uttermost.azureedge.net/bundles/site/js/sync.js?v=2Lk0ZQJgKkvrXHMEuBsaOHNlE31XTVEiFiZXk14sUbk1 line 24 > eval, line 9: TypeError: $(...).flexslider is not a function
JavaScript error: https://uttermost.azureedge.net/bundles/site/js/sync.js?v=2Lk0ZQJgKkvrXHMEuBsaOHNlE31XTVEiFiZXk14sUbk1 line 24 > eval, line 9: TypeError: $(...).flexslider is not a function
JavaScript error: https://uttermost.azureedge.net/bundles/site/js/sync.js?v=2Lk0ZQJgKkvrXHMEuBsaOHNlE31XTVEiFiZXk14sUbk1 line 24 > eval, line 9: TypeError: $(...).flexslider is not a function
JavaScript error: https://uttermost.azureedge.net/bundles/site/js/sync.js?v=2Lk0ZQJgKkvrXHMEuBsaOHNlE31XTVEiFiZXk14sUbk1 line 24 > eval, line 9: TypeError: $(...).flexslider is not a function
JavaScript error: https://uttermost.azureedge.net/bundles/site/js/sync.js?v=2Lk0ZQJgKkvrXHMEuBsaOHNlE31XTVEiFiZXk14sUbk1 line 24 > eval, line 9: TypeError: $(...).flexslider is not a function
JavaScript error: https://uttermost.azureedge.net/bundles/site/js/sync.js?v=2Lk0ZQJgKkvrXHMEuBsaOHNlE31XTVEiFiZXk14sUbk1 line 24 > eval, line 9: TypeError: $(...).flexslider is not a function
JavaScript error: https://uttermost.azureedge.net/bundles/site/js/sync.js?v=2Lk0ZQJgKkvrXHMEuBsaOHNlE31XTVEiFiZXk14sUbk1 line 24 > eval, line 9: TypeError: $(...).flexslider is not a function
JavaScript error: https://uttermost.azureedge.net/bundles/site/js/sync.js?v=2Lk0ZQJgKkvrXHMEuBsaOHNlE31XTVEiFiZXk14sUbk1 line 24 > eval, line 9: TypeError: $(...).flexslider is not a function
JavaScript error: https://uttermost.azureedge.net/bundles/site/js/sync.js?v=2Lk0ZQJgKkvrXHMEuBsaOHNlE31XTVEiFiZXk14sUbk1 line 24 > eval, line 9: TypeError: $(...).flexslider is not a function
JavaScript error: https://uttermost.azureedge.net/bundles/site/js/sync.js?v=2Lk0ZQJgKkvrXHMEuBsaOHNlE31XTVEiFiZXk14sUbk1 line 24 > eval, line 9: TypeError: $(...).flexslider is not a function
JavaScript error: https://uttermost.azureedge.net/bundles/site/js/sync.js?v=2Lk0ZQJgKkvrXHMEuBsaOHNlE31XTVEiFiZXk14sUbk1 line 24 > eval, line 9: TypeError: $(...).flexslider is not a function
JavaScript error: https://uttermost.azureedge.net/bundles/site/js/sync.js?v=2Lk0ZQJgKkvrXHMEuBsaOHNlE31XTVEiFiZXk14sUbk1 line 24 > eval, line 9: TypeError: $(...).flexslider is not a function
JavaScript error: https://uttermost.azureedge.net/bundles/site/js/sync.js?v=2Lk0ZQJgKkvrXHMEuBsaOHNlE31XTVEiFiZXk14sUbk1 line 24 > eval, line 9: TypeError: $(...).flexslider is not a function
JavaScript error: https://uttermost.azureedge.net/bundles/site/js/sync.js?v=2Lk0ZQJgKkvrXHMEuBsaOHNlE31XTVEiFiZXk14sUbk1 line 24 > eval, line 9: TypeError: $(...).flexslider is not a function
JavaScript error: https://uttermost.azureedge.net/bundles/site/js/sync.js?v=2Lk0ZQJgKkvrXHMEuBsaOHNlE31XTVEiFiZXk14sUbk1 line 24 > eval, line 9: TypeError: $(...).flexslider is not a function
JavaScript error: https://uttermost.azureedge.net/bundles/site/js/sync.js?v=2Lk0ZQJgKkvrXHMEuBsaOHNlE31XTVEiFiZXk14sUbk1 line 24 > eval, line 9: TypeError: $(...).flexslider is not a function
JavaScript error: https://uttermost.azureedge.net/bundles/site/js/sync.js?v=2Lk0ZQJgKkvrXHMEuBsaOHNlE31XTVEiFiZXk14sUbk1 line 24 > eval, line 9: TypeError: $(...).flexslider is not a function
JavaScript error: https://uttermost.azureedge.net/bundles/site/js/sync.js?v=2Lk0ZQJgKkvrXHMEuBsaOHNlE31XTVEiFiZXk14sUbk1 line 24 > eval, line 9: TypeError: $(...).flexslider is not a function
JavaScript error: https://uttermost.azureedge.net/bundles/site/js/sync.js?v=2Lk0ZQJgKkvrXHMEuBsaOHNlE31XTVEiFiZXk14sUbk1 line 24 > eval, line 9: TypeError: $(...).flexslider is not a function
JavaScript error: https://uttermost.azureedge.net/bundles/site/js/sync.js?v=2Lk0ZQJgKkvrXHMEuBsaOHNlE31XTVEiFiZXk14sUbk1 line 24 > eval, line 9: TypeError: $(...).flexslider is not a function
JavaScript error: https://uttermost.azureedge.net/bundles/site/js/sync.js?v=2Lk0ZQJgKkvrXHMEuBsaOHNlE31XTVEiFiZXk14sUbk1 line 24 > eval, line 9: TypeError: $(...).flexslider is not a function
JavaScript error: https://uttermost.azureedge.net/bundles/site/js/sync.js?v=2Lk0ZQJgKkvrXHMEuBsaOHNlE31XTVEiFiZXk14sUbk1 line 24 > eval, line 9: TypeError: $(...).flexslider is not a function
JavaScript error: https://uttermost.azureedge.net/bundles/site/js/sync.js?v=2Lk0ZQJgKkvrXHMEuBsaOHNlE31XTVEiFiZXk14sUbk1 line 24 > eval, line 9: TypeError: $(...).flexslider is not a function
JavaScript error: https://uttermost.azureedge.net/bundles/site/js/sync.js?v=2Lk0ZQJgKkvrXHMEuBsaOHNlE31XTVEiFiZXk14sUbk1 line 24 > eval, line 9: TypeError: $(...).flexslider is not a function
JavaScript error: https://uttermost.azureedge.net/bundles/site/js/sync.js?v=2Lk0ZQJgKkvrXHMEuBsaOHNlE31XTVEiFiZXk14sUbk1 line 24 > eval, line 9: TypeError: $(...).flexslider is not a function
JavaScript error: https://uttermost.azureedge.net/bundles/site/js/sync.js?v=2Lk0ZQJgKkvrXHMEuBsaOHNlE31XTVEiFiZXk14sUbk1 line 24 > eval, line 9: TypeError: $(...).flexslider is not a function
JavaScript error: https://uttermost.azureedge.net/bundles/site/js/sync.js?v=2Lk0ZQJgKkvrXHMEuBsaOHNlE31XTVEiFiZXk14sUbk1 line 24 > eval, line 9: TypeError: $(...).flexslider is not a function
JavaScript error: https://uttermost.azureedge.net/bundles/site/js/sync.js?v=2Lk0ZQJgKkvrXHMEuBsaOHNlE31XTVEiFiZXk14sUbk1 line 24 > eval, line 9: TypeError: $(...).flexslider is not a function
JavaScript error: https://uttermost.azureedge.net/bundles/site/js/sync.js?v=2Lk0ZQJgKkvrXHMEuBsaOHNlE31XTVEiFiZXk14sUbk1 line 24 > eval, line 9: TypeError: $(...).flexslider is not a function
JavaScript error: https://uttermost.azureedge.net/bundles/site/js/sync.js?v=2Lk0ZQJgKkvrXHMEuBsaOHNlE31XTVEiFiZXk14sUbk1 line 24 > eval, line 9: TypeError: $(...).flexslider is not a function
JavaScript error: https://uttermost.azureedge.net/bundles/site/js/sync.js?v=2Lk0ZQJgKkvrXHMEuBsaOHNlE31XTVEiFiZXk14sUbk1 line 24 > eval, line 9: TypeError: $(...).flexslider is not a function
JavaScript error: https://uttermost.azureedge.net/bundles/site/js/sync.js?v=2Lk0ZQJgKkvrXHMEuBsaOHNlE31XTVEiFiZXk14sUbk1 line 24 > eval, line 9: TypeError: $(...).flexslider is not a function
JavaScript error: https://uttermost.azureedge.net/bundles/site/js/sync.js?v=2Lk0ZQJgKkvrXHMEuBsaOHNlE31XTVEiFiZXk14sUbk1 line 24 > eval, line 9: TypeError: $(...).flexslider is not a function
JavaScript error: https://uttermost.azureedge.net/bundles/site/js/sync.js?v=2Lk0ZQJgKkvrXHMEuBsaOHNlE31XTVEiFiZXk14sUbk1 line 24 > eval, line 9: TypeError: $(...).flexslider is not a function
JavaScript error: https://uttermost.azureedge.net/bundles/site/js/sync.js?v=2Lk0ZQJgKkvrXHMEuBsaOHNlE31XTVEiFiZXk14sUbk1 line 24 > eval, line 9: TypeError: $(...).flexslider is not a function
JavaScript error: https://uttermost.azureedge.net/bundles/site/js/sync.js?v=2Lk0ZQJgKkvrXHMEuBsaOHNlE31XTVEiFiZXk14sUbk1 line 24 > eval, line 9: TypeError: $(...).flexslider is not a function
JavaScript error: https://uttermost.azureedge.net/bundles/site/js/sync.js?v=2Lk0ZQJgKkvrXHMEuBsaOHNlE31XTVEiFiZXk14sUbk1 line 24 > eval, line 9: TypeError: $(...).flexslider is not a function
JavaScript error: https://uttermost.azureedge.net/bundles/site/js/sync.js?v=2Lk0ZQJgKkvrXHMEuBsaOHNlE31XTVEiFiZXk14sUbk1 line 24 > eval, line 9: TypeError: $(...).flexslider is not a function
JavaScript error: https://uttermost.azureedge.net/bundles/site/js/sync.js?v=2Lk0ZQJgKkvrXHMEuBsaOHNlE31XTVEiFiZXk14sUbk1 line 24 > eval, line 9: TypeError: $(...).flexslider is not a function
JavaScript error: https://uttermost.azureedge.net/bundles/site/js/sync.js?v=2Lk0ZQJgKkvrXHMEuBsaOHNlE31XTVEiFiZXk14sUbk1 line 24 > eval, line 9: TypeError: $(...).flexslider is not a function
JavaScript error: https://uttermost.azureedge.net/bundles/site/js/sync.js?v=2Lk0ZQJgKkvrXHMEuBsaOHNlE31XTVEiFiZXk14sUbk1 line 24 > eval, line 9: TypeError: $(...).flexslider is not a function
JavaScript error: https://uttermost.azureedge.net/bundles/site/js/sync.js?v=2Lk0ZQJgKkvrXHMEuBsaOHNlE31XTVEiFiZXk14sUbk1 line 24 > eval, line 9: TypeError: $(...).flexslider is not a function
JavaScript error: https://uttermost.azureedge.net/bundles/site/js/sync.js?v=2Lk0ZQJgKkvrXHMEuBsaOHNlE31XTVEiFiZXk14sUbk1 line 24 > eval, line 9: TypeError: $(...).flexslider is not a function
JavaScript error: https://uttermost.azureedge.net/bundles/site/js/sync.js?v=2Lk0ZQJgKkvrXHMEuBsaOHNlE31XTVEiFiZXk14sUbk1 line 24 > eval, line 9: TypeError: $(...).flexslider is not a function
1626037914750	Marionette	INFO	Stopped listening on port 45213

###!!! [Parent][RunMessage] Error: Channel closing: too late to send/recv, messages will be lost

