1626596484788	geckodriver	INFO	Listening on 127.0.0.1:59429
1626596484799	mozrunner::runner	INFO	Running command: "/usr/bin/firefox" "--marionette" "user-agent=Mozilla/5.0 (Macintosh; Intel Mac OS X 10_8_2) AppleWebKit/537.17 (KHTML, like Gecko) Chrome/24.0.1309.0 Safari/537.17" "-foreground" "-no-remote" "-profile" "/tmp/rust_mozprofileti1kAC"
1626596485245	Marionette	INFO	Marionette enabled
console.warn: SearchSettings: "get: No settings file exists, new profile?" (new NotFoundError("Could not open the file at /tmp/rust_mozprofileti1kAC/search.json.mozlz4", (void 0)))
1626596486654	Marionette	INFO	Listening on port 43657
1626596486717	Marionette	WARN	TLS certificate errors will be ignored for this session
console.error: services.settings: 
  main/doh-config Signature failed  InvalidSignatureError: Invalid content signature (main/doh-config)
console.error: services.settings: 
  main/doh-config local data was corrupted
console.warn: services.settings: main/doh-config Signature verified failed. Retry from scratch
console.error: services.settings: 
  main/doh-providers Signature failed  InvalidSignatureError: Invalid content signature (main/doh-providers)
console.error: services.settings: 
  main/doh-providers local data was corrupted
console.warn: services.settings: main/doh-providers Signature verified failed. Retry from scratch
console.log: WebExtensions: reset-default-search: starting.
console.log: WebExtensions: reset-default-search: No addons in our list are installed.
console.error: "stylesheets: fetch failed for https://caracole.com/Content/css/app.css?v=1.1.0, using system principal instead."
console.error: "Error writing request: getGrids"
console.error: "Error writing response to: getApplied"
console.error: "Error while calling actor 'pagestyle's method 'getApplied'" "can't access dead object"
console.error: (new TypeError("can't access dead object", "resource://devtools/server/actors/style-rule.js", 362))
console.error: "Error writing response to: getApplied"
console.error: "Error while calling actor 'pagestyle's method 'getApplied'" "can't access dead object"
console.error: (new TypeError("can't access dead object", "resource://devtools/server/actors/style-rule.js", 362))
console.error: (new Error("Protocol error (TypeError): can't access dead object from: server0.conn0.child4/pagestyle28 (resource://devtools/server/actors/style-rule.js:362:21)", "resource://devtools/shared/protocol/Front.js", 365))
console.error: "Error while calling actor 'pagestyle's method 'getApplied'" "node is null"
console.error: (new TypeError("node is null", "resource://devtools/server/actors/page-style.js", 570))
console.error: "Error while calling actor 'pagestyle's method 'getApplied'" "node is null"
console.error: (new TypeError("node is null", "resource://devtools/server/actors/page-style.js", 570))
console.error: (new Error("Protocol error (TypeError): node is null from: server0.conn0.child4/pagestyle28 (resource://devtools/server/actors/page-style.js:570:5)", "resource://devtools/shared/protocol/Front.js", 365))
console.error: (new Error("Protocol error (TypeError): node is null from: server0.conn0.child4/pagestyle28 (resource://devtools/server/actors/page-style.js:570:5)", "resource://devtools/shared/protocol/Front.js", 365))
console.error: "Error while calling actor 'pagestyle's method 'getUsedFontFaces'" "node is null"
console.error: (new TypeError("node is null", "resource://devtools/server/actors/page-style.js", 367))
console.error: "Could not get the list of font families" (new Error("Protocol error (TypeError): node is null from: server0.conn0.child4/pagestyle28 (resource://devtools/server/actors/page-style.js:367:24)", "resource://devtools/shared/protocol/Front.js", 365))
console.error: "Error while calling actor 'pagestyle's method 'getApplied'" "node is null"
console.error: (new TypeError("node is null", "resource://devtools/server/actors/page-style.js", 570))
console.error: (new Error("Protocol error (TypeError): node is null from: server0.conn0.child4/pagestyle28 (resource://devtools/server/actors/page-style.js:570:5)", "resource://devtools/shared/protocol/Front.js", 365))
console.error: "Error while calling actor 'pagestyle's method 'getUsedFontFaces'" "node is null"
console.error: (new TypeError("node is null", "resource://devtools/server/actors/page-style.js", 367))
console.error: "Could not get the list of font families" (new Error("Protocol error (TypeError): node is null from: server0.conn0.child4/pagestyle28 (resource://devtools/server/actors/page-style.js:367:24)", "resource://devtools/shared/protocol/Front.js", 365))
Handler function threw an exception: TypeError: this._eventCollector is null
Stack: destroy@resource://devtools/server/actors/inspector/node.js:152:5
destroy@resource://devtools/shared/protocol/Pool.js:199:17
destroy@resource://devtools/shared/protocol/Actor.js:76:11
destroy@resource://devtools/server/actors/page-style.js:133:38
destroy@resource://devtools/shared/protocol/Pool.js:199:17
destroy@resource://devtools/shared/protocol/Actor.js:76:11
destroy@resource://devtools/server/actors/inspector/inspector.js:113:38
destroy@resource://devtools/shared/protocol/Pool.js:199:17
_detach@resource://devtools/server/actors/targets/browsing-context.js:1032:35
destroy@resource://devtools/server/actors/targets/browsing-context.js:603:10
onTransportClosed/<@resource://devtools/server/devtools-server-connection.js:493:34
onTransportClosed@resource://devtools/server/devtools-server-connection.js:493:19
close@resource://devtools/shared/transport/child-transport.js:63:18
close@resource://devtools/server/devtools-server-connection.js:94:23
onDisconnect<@resource://devtools/server/startup/frame.js:121:12
exports.makeInfallible/<@resource://devtools/shared/ThreadSafeDevToolsUtils.js:103:22
Line: 152, column: 5
console.error: (new TypeError("this._eventCollector is null", "resource://devtools/server/actors/inspector/node.js", 152))
1626598230887	Marionette	INFO	Stopped listening on port 43657

###!!! [Parent][RunMessage] Error: Channel closing: too late to send/recv, messages will be lost

1626598313136	geckodriver	INFO	Listening on 127.0.0.1:42977
1626598313139	mozrunner::runner	INFO	Running command: "/usr/bin/firefox" "--marionette" "user-agent=Mozilla/5.0 (X11; OpenBSD i386) AppleWebKit/537.36 (KHTML, like Gecko) Chrome/36.0.1985.125 Safari/537.36" "-foreground" "-no-remote" "-profile" "/tmp/rust_mozprofilew9TgZv"
1626598313710	Marionette	INFO	Marionette enabled
console.warn: SearchSettings: "get: No settings file exists, new profile?" (new NotFoundError("Could not open the file at /tmp/rust_mozprofilew9TgZv/search.json.mozlz4", (void 0)))
1626598315239	Marionette	INFO	Listening on port 43459
1626598315258	Marionette	WARN	TLS certificate errors will be ignored for this session
JavaScript error: resource://devtools/server/actors/network-monitor/network-event-actor.js, line 108: Error: Got a request https://fonts.googleapis.com/icon?family=Material+Icons without a browsingContextID set
JavaScript error: resource://devtools/server/actors/network-monitor/network-event-actor.js, line 108: Error: Got a request https://fonts.googleapis.com/css?family=Roboto without a browsingContextID set
console.error: services.settings: 
  main/doh-config Signature failed  InvalidSignatureError: Invalid content signature (main/doh-config)
console.error: services.settings: 
  main/doh-config local data was corrupted
console.warn: services.settings: main/doh-config Signature verified failed. Retry from scratch
console.error: services.settings: 
  main/doh-providers Signature failed  InvalidSignatureError: Invalid content signature (main/doh-providers)
console.error: services.settings: 
  main/doh-providers local data was corrupted
console.warn: services.settings: main/doh-providers Signature verified failed. Retry from scratch
console.log: WebExtensions: reset-default-search: starting.
console.log: WebExtensions: reset-default-search: No addons in our list are installed.
console.error: "Error while calling actor 'pagestyle's method 'getApplied'" "node is null"
console.error: (new TypeError("node is null", "resource://devtools/server/actors/page-style.js", 570))
console.error: (new Error("Protocol error (TypeError): node is null from: server0.conn0.child4/pagestyle31 (resource://devtools/server/actors/page-style.js:570:5)", "resource://devtools/shared/protocol/Front.js", 365))
console.error: "Error while calling actor 'pagestyle's method 'getUsedFontFaces'" "node is null"
console.error: (new TypeError("node is null", "resource://devtools/server/actors/page-style.js", 367))
console.error: "Could not get the list of font families" (new Error("Protocol error (TypeError): node is null from: server0.conn0.child4/pagestyle31 (resource://devtools/server/actors/page-style.js:367:24)", "resource://devtools/shared/protocol/Front.js", 365))
console.error: "Error while calling actor 'pagestyle's method 'getApplied'" "node is null"
console.error: (new TypeError("node is null", "resource://devtools/server/actors/page-style.js", 570))
console.error: "Error while calling actor 'pagestyle's method 'getApplied'" "node is null"
console.error: (new TypeError("node is null", "resource://devtools/server/actors/page-style.js", 570))
console.error: (new Error("Protocol error (TypeError): node is null from: server0.conn0.child4/pagestyle31 (resource://devtools/server/actors/page-style.js:570:5)", "resource://devtools/shared/protocol/Front.js", 365))
console.error: (new Error("Protocol error (TypeError): node is null from: server0.conn0.child4/pagestyle31 (resource://devtools/server/actors/page-style.js:570:5)", "resource://devtools/shared/protocol/Front.js", 365))
console.error: "Error while calling actor 'pagestyle's method 'getUsedFontFaces'" "node is null"
console.error: (new TypeError("node is null", "resource://devtools/server/actors/page-style.js", 367))
console.error: "Could not get the list of font families" (new Error("Protocol error (TypeError): node is null from: server0.conn0.child4/pagestyle31 (resource://devtools/server/actors/page-style.js:367:24)", "resource://devtools/shared/protocol/Front.js", 365))
console.error: "Error while calling actor 'pagestyle's method 'getApplied'" "node is null"
console.error: (new TypeError("node is null", "resource://devtools/server/actors/page-style.js", 570))
console.error: (new Error("Protocol error (TypeError): node is null from: server0.conn0.child4/pagestyle31 (resource://devtools/server/actors/page-style.js:570:5)", "resource://devtools/shared/protocol/Front.js", 365))
console.error: "Error while calling actor 'pagestyle's method 'getUsedFontFaces'" "node is null"
console.error: (new TypeError("node is null", "resource://devtools/server/actors/page-style.js", 367))
console.error: "Could not get the list of font families" (new Error("Protocol error (TypeError): node is null from: server0.conn0.child4/pagestyle31 (resource://devtools/server/actors/page-style.js:367:24)", "resource://devtools/shared/protocol/Front.js", 365))
JavaScript error: https://maps.googleapis.com/maps/api/js?key=AIzaSyD1xmx8pT2mCt9jqJjr_t_I2PniYhJOC4I, line 85: Error: Could not load "util".
Exiting due to channel error.
Exiting due to channel error.
Exiting due to channel error.
1626632657897	geckodriver	INFO	Listening on 127.0.0.1:41727
1626632658909	mozrunner::runner	INFO	Running command: "/usr/bin/firefox" "--marionette" "user-agent=Mozilla/5.0 (Macintosh; Intel Mac OS X 10.6; rv:25.0) Gecko/20100101 Firefox/25.0" "-foreground" "-no-remote" "-profile" "/tmp/rust_mozprofile3NWiD7"
1626632659482	Marionette	INFO	Marionette enabled
console.warn: SearchSettings: "get: No settings file exists, new profile?" (new NotFoundError("Could not open the file at /tmp/rust_mozprofile3NWiD7/search.json.mozlz4", (void 0)))
1626632660740	Marionette	INFO	Listening on port 39159
1626632660827	Marionette	WARN	TLS certificate errors will be ignored for this session
console.error: services.settings: 
  main/doh-config Signature failed  InvalidSignatureError: Invalid content signature (main/doh-config)
console.error: services.settings: 
  main/doh-config local data was corrupted
console.warn: services.settings: main/doh-config Signature verified failed. Retry from scratch
console.error: services.settings: 
  main/doh-providers Signature failed  InvalidSignatureError: Invalid content signature (main/doh-providers)
console.error: services.settings: 
  main/doh-providers local data was corrupted
console.warn: services.settings: main/doh-providers Signature verified failed. Retry from scratch
console.log: WebExtensions: reset-default-search: starting.
console.log: WebExtensions: reset-default-search: No addons in our list are installed.
1627669564454	geckodriver	INFO	Listening on 127.0.0.1:38589
1627669564458	mozrunner::runner	INFO	Running command: "/usr/bin/firefox" "--marionette" "user-agent=Mozilla/5.0 (Windows NT 5.1) AppleWebKit/537.36 (KHTML, like Gecko) Chrome/34.0.1847.116 Safari/537.36 Mozilla/5.0 (iPad; U; CPU OS 3_2 like Mac OS X; en-us) AppleWebKit/531.21.10 (KHTML, like Gecko) Version/4.0.4 Mobile/7B334b Safari/531.21.10" "-foreground" "-no-remote" "-profile" "/tmp/rust_mozprofileDNTHak"
1627669564964	Marionette	INFO	Marionette enabled
console.warn: SearchSettings: "get: No settings file exists, new profile?" (new NotFoundError("Could not open the file at /tmp/rust_mozprofileDNTHak/search.json.mozlz4", (void 0)))
1627669566102	Marionette	INFO	Listening on port 46011
1627669566175	Marionette	WARN	TLS certificate errors will be ignored for this session
1627669567378	Marionette	INFO	Stopped listening on port 46011
1627669570120	geckodriver	INFO	Listening on 127.0.0.1:43225
1627669571122	mozrunner::runner	INFO	Running command: "/usr/bin/firefox" "--marionette" "user-agent=Mozilla/5.0 (Windows NT 6.2; WOW64) AppleWebKit/537.15 (KHTML, like Gecko) Chrome/24.0.1295.0 Safari/537.15" "-foreground" "-no-remote" "-profile" "/tmp/rust_mozprofileZHKGhr"
1627669571599	Marionette	INFO	Marionette enabled
console.warn: SearchSettings: "get: No settings file exists, new profile?" (new NotFoundError("Could not open the file at /tmp/rust_mozprofileZHKGhr/search.json.mozlz4", (void 0)))
1627669572891	Marionette	INFO	Listening on port 44373
1627669572943	Marionette	WARN	TLS certificate errors will be ignored for this session
console.error: services.settings: 
  main/doh-providers Signature failed  InvalidSignatureError: Invalid content signature (main/doh-providers)
console.error: services.settings: 
  main/doh-providers local data was corrupted
console.warn: services.settings: main/doh-providers Signature verified failed. Retry from scratch
console.error: services.settings: 
  main/doh-config Signature failed  InvalidSignatureError: Invalid content signature (main/doh-config)
console.error: services.settings: 
  main/doh-config local data was corrupted
console.warn: services.settings: main/doh-config Signature verified failed. Retry from scratch
console.log: WebExtensions: reset-default-search: starting.
console.log: WebExtensions: reset-default-search: No addons in our list are installed.
JavaScript error: resource://devtools/server/actors/network-monitor/network-event-actor.js, line 108: Error: Got a request https://fonts.googleapis.com/icon?family=Material+Icons without a browsingContextID set
JavaScript error: resource://devtools/server/actors/network-monitor/network-event-actor.js, line 108: Error: Got a request https://fonts.googleapis.com/css?family=Roboto without a browsingContextID set
console.error: "Error while calling actor 'pagestyle's method 'getLayout'" "node is null"
console.error: (new TypeError("node is null", "resource://devtools/server/actors/page-style.js", 1001))
console.error: (new Error("Protocol error (TypeError): node is null from: server0.conn1.child4/pagestyle29 (resource://devtools/server/actors/page-style.js:1001:5)", "resource://devtools/shared/protocol/Front.js", 365))
console.error: "Error while calling actor 'pagestyle's method 'getUsedFontFaces'" "node is null"
console.error: (new TypeError("node is null", "resource://devtools/server/actors/page-style.js", 367))
console.error: "Could not get the list of font families" (new Error("Protocol error (TypeError): node is null from: server0.conn1.child4/pagestyle29 (resource://devtools/server/actors/page-style.js:367:24)", "resource://devtools/shared/protocol/Front.js", 365))
console.error: "stylesheets: fetch failed for https://caracole.com/Content/css/app.css?v=1.1.0, using system principal instead."
console.error: "stylesheets: fetch failed for https://caracole.com/Content/css/app.css?v=1.1.0, using system principal instead."
JavaScript error: resource://devtools/server/actors/style-rule.js, line 157: TypeError: InspectorUtils.hasRulesModifiedByCSSOM: Argument 1 does not implement interface CSSStyleSheet.
console.error: "Error while calling actor 'pagestyle's method 'getApplied'" "InspectorUtils.hasRulesModifiedByCSSOM: Argument 1 does not implement interface CSSStyleSheet."
console.error: (new TypeError("InspectorUtils.hasRulesModifiedByCSSOM: Argument 1 does not implement interface CSSStyleSheet.", "resource://devtools/server/actors/style-rule.js", 157))
console.error: "Error while calling actor 'pagestyle's method 'getApplied'" "InspectorUtils.hasRulesModifiedByCSSOM: Argument 1 does not implement interface CSSStyleSheet."
console.error: (new TypeError("InspectorUtils.hasRulesModifiedByCSSOM: Argument 1 does not implement interface CSSStyleSheet.", "resource://devtools/server/actors/style-rule.js", 157))
console.error: "Error while calling actor 'pagestyle's method 'getLayout'" "node is null"
console.error: (new TypeError("node is null", "resource://devtools/server/actors/page-style.js", 1001))
console.error: (new Error("Protocol error (TypeError): InspectorUtils.hasRulesModifiedByCSSOM: Argument 1 does not implement interface CSSStyleSheet. from: server0.conn1.child4/pagestyle29 (resource://devtools/server/actors/style-rule.js:157:25)", "resource://devtools/shared/protocol/Front.js", 365))
console.error: (new Error("Protocol error (TypeError): node is null from: server0.conn1.child4/pagestyle29 (resource://devtools/server/actors/page-style.js:1001:5)", "resource://devtools/shared/protocol/Front.js", 365))
console.error: "Error while calling actor 'pagestyle's method 'getApplied'" "node is null"
console.error: (new TypeError("node is null", "resource://devtools/server/actors/page-style.js", 570))
console.error: (new Error("Protocol error (TypeError): node is null from: server0.conn1.child4/pagestyle29 (resource://devtools/server/actors/page-style.js:570:5)", "resource://devtools/shared/protocol/Front.js", 365))
console.error: "Error while calling actor 'pagestyle's method 'getUsedFontFaces'" "node is null"
console.error: (new TypeError("node is null", "resource://devtools/server/actors/page-style.js", 367))
console.error: "Could not get the list of font families" (new Error("Protocol error (TypeError): node is null from: server0.conn1.child4/pagestyle29 (resource://devtools/server/actors/page-style.js:367:24)", "resource://devtools/shared/protocol/Front.js", 365))
console.error: "Error while calling actor 'pagestyle's method 'getApplied'" "node is null"
console.error: (new TypeError("node is null", "resource://devtools/server/actors/page-style.js", 570))
console.error: (new Error("Protocol error (TypeError): node is null from: server0.conn1.child4/pagestyle29 (resource://devtools/server/actors/page-style.js:570:5)", "resource://devtools/shared/protocol/Front.js", 365))
console.error: "Error while calling actor 'pagestyle's method 'getUsedFontFaces'" "node is null"
console.error: (new TypeError("node is null", "resource://devtools/server/actors/page-style.js", 367))
console.error: "Could not get the list of font families" (new Error("Protocol error (TypeError): node is null from: server0.conn1.child4/pagestyle29 (resource://devtools/server/actors/page-style.js:367:24)", "resource://devtools/shared/protocol/Front.js", 365))
console.error: "stylesheets: fetch failed for https://caracole.com/Content/css/material-components-web.min.css, using system principal instead."
console.error: "Error writing request: getGrids"
console.error: "Error while calling actor 'pagestyle's method 'getApplied'" "node is null"
console.error: (new TypeError("node is null", "resource://devtools/server/actors/page-style.js", 570))
console.error: "Error while calling actor 'pagestyle's method 'getApplied'" "node is null"
console.error: (new TypeError("node is null", "resource://devtools/server/actors/page-style.js", 570))
console.error: (new Error("Protocol error (TypeError): node is null from: server0.conn1.child4/pagestyle29 (resource://devtools/server/actors/page-style.js:570:5)", "resource://devtools/shared/protocol/Front.js", 365))
console.error: (new Error("Protocol error (TypeError): node is null from: server0.conn1.child4/pagestyle29 (resource://devtools/server/actors/page-style.js:570:5)", "resource://devtools/shared/protocol/Front.js", 365))
console.error: "Error while calling actor 'pagestyle's method 'getApplied'" "node is null"
console.error: (new TypeError("node is null", "resource://devtools/server/actors/page-style.js", 570))
console.error: (new Error("Protocol error (TypeError): node is null from: server0.conn1.child4/pagestyle29 (resource://devtools/server/actors/page-style.js:570:5)", "resource://devtools/shared/protocol/Front.js", 365))
console.error: "Error while calling actor 'pagestyle's method 'getUsedFontFaces'" "node is null"
console.error: (new TypeError("node is null", "resource://devtools/server/actors/page-style.js", 367))
console.error: "Could not get the list of font families" (new Error("Protocol error (TypeError): node is null from: server0.conn1.child4/pagestyle29 (resource://devtools/server/actors/page-style.js:367:24)", "resource://devtools/shared/protocol/Front.js", 365))
console.error: "Error while calling actor 'pagestyle's method 'getApplied'" "node is null"
console.error: (new TypeError("node is null", "resource://devtools/server/actors/page-style.js", 570))
console.error: (new Error("Protocol error (TypeError): node is null from: server0.conn1.child4/pagestyle29 (resource://devtools/server/actors/page-style.js:570:5)", "resource://devtools/shared/protocol/Front.js", 365))
console.error: "Error while calling actor 'pagestyle's method 'getUsedFontFaces'" "node is null"
console.error: (new TypeError("node is null", "resource://devtools/server/actors/page-style.js", 367))
console.error: "Could not get the list of font families" (new Error("Protocol error (TypeError): node is null from: server0.conn1.child4/pagestyle29 (resource://devtools/server/actors/page-style.js:367:24)", "resource://devtools/shared/protocol/Front.js", 365))
console.error: "Error while calling actor 'pagestyle's method 'getApplied'" "node is null"
console.error: (new TypeError("node is null", "resource://devtools/server/actors/page-style.js", 570))
console.error: (new Error("Protocol error (TypeError): node is null from: server0.conn1.child4/pagestyle29 (resource://devtools/server/actors/page-style.js:570:5)", "resource://devtools/shared/protocol/Front.js", 365))
console.error: "Error while calling actor 'pagestyle's method 'getUsedFontFaces'" "node is null"
console.error: (new TypeError("node is null", "resource://devtools/server/actors/page-style.js", 367))
console.error: "Could not get the list of font families" (new Error("Protocol error (TypeError): node is null from: server0.conn1.child4/pagestyle29 (resource://devtools/server/actors/page-style.js:367:24)", "resource://devtools/shared/protocol/Front.js", 365))
console.error: "Error while calling actor 'pagestyle's method 'getApplied'" "node is null"
console.error: (new TypeError("node is null", "resource://devtools/server/actors/page-style.js", 570))
console.error: (new Error("Protocol error (TypeError): node is null from: server0.conn1.child4/pagestyle29 (resource://devtools/server/actors/page-style.js:570:5)", "resource://devtools/shared/protocol/Front.js", 365))
console.error: "Error while calling actor 'pagestyle's method 'getUsedFontFaces'" "node is null"
console.error: (new TypeError("node is null", "resource://devtools/server/actors/page-style.js", 367))
console.error: "Could not get the list of font families" (new Error("Protocol error (TypeError): node is null from: server0.conn1.child4/pagestyle29 (resource://devtools/server/actors/page-style.js:367:24)", "resource://devtools/shared/protocol/Front.js", 365))
Handler function threw an exception: TypeError: this._eventCollector is null
Stack: destroy@resource://devtools/server/actors/inspector/node.js:152:5
destroy@resource://devtools/shared/protocol/Pool.js:199:17
destroy@resource://devtools/shared/protocol/Actor.js:76:11
destroy@resource://devtools/server/actors/page-style.js:133:38
destroy@resource://devtools/shared/protocol/Pool.js:199:17
destroy@resource://devtools/shared/protocol/Actor.js:76:11
destroy@resource://devtools/server/actors/inspector/inspector.js:113:38
destroy@resource://devtools/shared/protocol/Pool.js:199:17
_detach@resource://devtools/server/actors/targets/browsing-context.js:1032:35
destroy@resource://devtools/server/actors/targets/browsing-context.js:603:10
onTransportClosed/<@resource://devtools/server/devtools-server-connection.js:493:34
onTransportClosed@resource://devtools/server/devtools-server-connection.js:493:19
close@resource://devtools/shared/transport/child-transport.js:63:18
close@resource://devtools/server/devtools-server-connection.js:94:23
onDisconnect<@resource://devtools/server/startup/frame.js:121:12
exports.makeInfallible/<@resource://devtools/shared/ThreadSafeDevToolsUtils.js:103:22
Line: 152, column: 5
console.error: (new TypeError("this._eventCollector is null", "resource://devtools/server/actors/inspector/node.js", 152))
[GFX1-]: GFX: RenderThread detected a device reset in PostUpdate
Unflushed glGetGraphicsResetStatus: 0x92bb
JavaScript error: resource://devtools/server/actors/network-monitor/network-event-actor.js, line 108: Error: Got a request https://fonts.googleapis.com/icon?family=Material+Icons without a browsingContextID set
JavaScript error: resource://devtools/server/actors/network-monitor/network-event-actor.js, line 108: Error: Got a request https://fonts.googleapis.com/css?family=Roboto without a browsingContextID set
1627718661063	geckodriver	INFO	Listening on 127.0.0.1:45417
1627718661066	mozrunner::runner	INFO	Running command: "/usr/bin/firefox" "--marionette" "user-agent=Mozilla/5.0 (X11; CrOS i686 4319.74.0) AppleWebKit/537.36 (KHTML, like Gecko) Chrome/29.0.1547.57 Safari/537.36" "-foreground" "-no-remote" "-profile" "/tmp/rust_mozprofileDy2K5j"
1627718661474	Marionette	INFO	Marionette enabled
console.warn: SearchSettings: "get: No settings file exists, new profile?" (new NotFoundError("Could not open the file at /tmp/rust_mozprofileDy2K5j/search.json.mozlz4", (void 0)))
1627718662658	Marionette	INFO	Listening on port 42433
1627718662680	Marionette	WARN	TLS certificate errors will be ignored for this session
console.error: services.settings: 
  main/doh-providers Signature failed  InvalidSignatureError: Invalid content signature (main/doh-providers)
console.error: services.settings: 
  main/doh-providers local data was corrupted
console.warn: services.settings: main/doh-providers Signature verified failed. Retry from scratch
console.error: services.settings: 
  main/doh-config Signature failed  InvalidSignatureError: Invalid content signature (main/doh-config)
console.error: services.settings: 
  main/doh-config local data was corrupted
console.warn: services.settings: main/doh-config Signature verified failed. Retry from scratch
console.log: WebExtensions: reset-default-search: starting.
console.log: WebExtensions: reset-default-search: No addons in our list are installed.
1627775910549	Marionette	INFO	Stopped listening on port 44373

###!!! [Parent][RunMessage] Error: Channel closing: too late to send/recv, messages will be lost

1627775912521	Marionette	INFO	Stopped listening on port 42433
