1631552318683	geckodriver	INFO	Listening on 127.0.0.1:46701
1631552319687	mozrunner::runner	INFO	Running command: "/usr/bin/firefox" "--marionette" "user-agent=Mozilla/5.0 (Windows NT 6.2; Win64; x64) AppleWebKit/537.36 (KHTML, like Gecko) Chrome/32.0.1667.0 Safari/537.36" "-foreground" "-no-remote" "-profile" "/tmp/rust_mozprofilerxOgVd"
1631552320417	Marionette	INFO	Marionette enabled
console.warn: SearchSettings: "get: No settings file exists, new profile?" (new NotFoundError("Could not open the file at /tmp/rust_mozprofilerxOgVd/search.json.mozlz4", (void 0)))
1631552321321	Marionette	INFO	Listening on port 42439
1631552321409	RemoteAgent	WARN	TLS certificate errors will be ignored for this session
JavaScript warning: https://www.googletagmanager.com/gtm.js?id=GTM-K9B9NWQ, line 250: unreachable code after return statement
JavaScript warning: https://www.googletagmanager.com/gtm.js?id=GTM-K9B9NWQ, line 250: unreachable code after return statement
console.log: WebExtensions: reset-default-search: starting.
console.log: WebExtensions: reset-default-search: No addons in our list are installed.
console.error: "Error while calling actor 'pagestyle's method 'getApplied'" "node is null"
console.error: (new TypeError("node is null", "resource://devtools/server/actors/page-style.js", 570))
JavaScript warning: https://www.googletagmanager.com/gtm.js?id=GTM-K9B9NWQ, line 250: unreachable code after return statement
JavaScript warning: https://www.googletagmanager.com/gtm.js?id=GTM-K9B9NWQ, line 250: unreachable code after return statement
console.error: (new TypeError("parent is null", "resource://devtools/client/inspector/shared/style-change-tracker.js", 67))
TypeError: parent is null: canMutationImpactCurrentStyles@resource://devtools/client/inspector/shared/style-change-tracker.js:67:24
onMutations@resource://devtools/client/inspector/shared/style-change-tracker.js:84:41
_emit@resource://devtools/shared/event-emitter.js:244:34
emit@resource://devtools/shared/event-emitter.js:190:18
emit@resource://devtools/shared/event-emitter.js:342:18
getMutations@resource://devtools/client/fronts/walker.js:311:10

console.error: (new TypeError("container.node.targetFront is null", "resource://devtools/client/inspector/markup/markup.js", 2309))
console.error: (new TypeError("container.node.targetFront is null", "resource://devtools/client/inspector/markup/markup.js", 2309))
console.error: (new TypeError("container.node.targetFront is null", "resource://devtools/client/inspector/markup/markup.js", 2309))
console.error: (new TypeError("parent is null", "resource://devtools/client/inspector/shared/style-change-tracker.js", 67))
TypeError: parent is null: canMutationImpactCurrentStyles@resource://devtools/client/inspector/shared/style-change-tracker.js:67:24
onMutations@resource://devtools/client/inspector/shared/style-change-tracker.js:84:41
_emit@resource://devtools/shared/event-emitter.js:244:34
emit@resource://devtools/shared/event-emitter.js:190:18
emit@resource://devtools/shared/event-emitter.js:342:18
getMutations@resource://devtools/client/fronts/walker.js:311:10

console.error: (new TypeError("container.node.targetFront is null", "resource://devtools/client/inspector/markup/markup.js", 2309))
console.error: (new TypeError("container.node.targetFront is null", "resource://devtools/client/inspector/markup/markup.js", 2309))
console.error: (new TypeError("container.node.targetFront is null", "resource://devtools/client/inspector/markup/markup.js", 2309))
Exiting due to channel error.
Exiting due to channel error.
Exiting due to channel error.
1631555289769	geckodriver	INFO	Listening on 127.0.0.1:48657
1631555289771	mozrunner::runner	INFO	Running command: "/usr/bin/firefox" "--marionette" "user-agent=Mozilla/5.0 (Macintosh; Intel Mac OS X 10_10_1) AppleWebKit/537.36 (KHTML, like Gecko) Chrome/37.0.2062.124 Safari/537.36" "-foreground" "-no-remote" "-profile" "/tmp/rust_mozprofileI3rZXQ"
1631555290498	Marionette	INFO	Marionette enabled
console.warn: SearchSettings: "get: No settings file exists, new profile?" (new NotFoundError("Could not open the file at /tmp/rust_mozprofileI3rZXQ/search.json.mozlz4", (void 0)))
1631555291594	Marionette	INFO	Listening on port 45177
1631555291717	RemoteAgent	WARN	TLS certificate errors will be ignored for this session
JavaScript warning: https://www.googletagmanager.com/gtm.js?id=GTM-K9B9NWQ, line 250: unreachable code after return statement
JavaScript warning: https://www.googletagmanager.com/gtm.js?id=GTM-K9B9NWQ, line 250: unreachable code after return statement
JavaScript warning: https://www.googletagmanager.com/gtm.js?id=GTM-K9B9NWQ, line 250: unreachable code after return statement
JavaScript warning: https://www.googletagmanager.com/gtm.js?id=GTM-K9B9NWQ, line 250: unreachable code after return statement
Exiting due to channel error.
Exiting due to channel error.
Exiting due to channel error.
1631555373961	geckodriver	INFO	Listening on 127.0.0.1:59859
1631555374965	mozrunner::runner	INFO	Running command: "/usr/bin/firefox" "--marionette" "user-agent=Opera/12.0(Windows NT 5.2;U;en)Presto/22.9.168 Version/12.00" "-foreground" "-no-remote" "-profile" "/tmp/rust_mozprofileUemPEE"
1631555375645	Marionette	INFO	Marionette enabled
console.warn: SearchSettings: "get: No settings file exists, new profile?" (new NotFoundError("Could not open the file at /tmp/rust_mozprofileUemPEE/search.json.mozlz4", (void 0)))
1631555376681	Marionette	INFO	Listening on port 37407
1631555376789	RemoteAgent	WARN	TLS certificate errors will be ignored for this session
JavaScript warning: https://www.googletagmanager.com/gtm.js?id=GTM-K9B9NWQ, line 250: unreachable code after return statement
JavaScript warning: https://www.googletagmanager.com/gtm.js?id=GTM-K9B9NWQ, line 250: unreachable code after return statement
JavaScript warning: https://www.googletagmanager.com/gtm.js?id=GTM-K9B9NWQ, line 250: unreachable code after return statement
JavaScript warning: https://www.googletagmanager.com/gtm.js?id=GTM-K9B9NWQ, line 250: unreachable code after return statement
Exiting due to channel error.
Exiting due to channel error.
Exiting due to channel error.
1631555563747	geckodriver	INFO	Listening on 127.0.0.1:46541
1631555563750	mozrunner::runner	INFO	Running command: "/usr/bin/firefox" "--marionette" "user-agent=Mozilla/5.0 (Windows NT 5.1) AppleWebKit/537.36 (KHTML, like Gecko) Chrome/34.0.1866.237 Safari/537.36" "-foreground" "-no-remote" "-profile" "/tmp/rust_mozprofilelG9So1"
1631555564389	Marionette	INFO	Marionette enabled
console.warn: SearchSettings: "get: No settings file exists, new profile?" (new NotFoundError("Could not open the file at /tmp/rust_mozprofilelG9So1/search.json.mozlz4", (void 0)))
1631555565363	Marionette	INFO	Listening on port 45467
1631555565495	RemoteAgent	WARN	TLS certificate errors will be ignored for this session
Exiting due to channel error.
Exiting due to channel error.
Exiting due to channel error.
1631555700382	geckodriver	INFO	Listening on 127.0.0.1:35219
1631555700384	mozrunner::runner	INFO	Running command: "/usr/bin/firefox" "--marionette" "user-agent=Mozilla/5.0 (X11; CrOS i686 3912.101.0) AppleWebKit/537.36 (KHTML, like Gecko) Chrome/27.0.1453.116 Safari/537.36" "-foreground" "-no-remote" "-profile" "/tmp/rust_mozprofileN2zV6B"
1631555701089	Marionette	INFO	Marionette enabled
console.warn: SearchSettings: "get: No settings file exists, new profile?" (new NotFoundError("Could not open the file at /tmp/rust_mozprofileN2zV6B/search.json.mozlz4", (void 0)))
1631555702279	Marionette	INFO	Listening on port 45945
1631555702314	RemoteAgent	WARN	TLS certificate errors will be ignored for this session
JavaScript warning: https://www.googletagmanager.com/gtm.js?id=GTM-K9B9NWQ, line 250: unreachable code after return statement
JavaScript warning: https://www.googletagmanager.com/gtm.js?id=GTM-K9B9NWQ, line 250: unreachable code after return statement
Exiting due to channel error.
Exiting due to channel error.
Exiting due to channel error.
1631555767805	geckodriver	INFO	Listening on 127.0.0.1:41645
1631555768817	mozrunner::runner	INFO	Running command: "/usr/bin/firefox" "--marionette" "user-agent=Mozilla/5.0 (Windows NT 6.1) AppleWebKit/537.36 (KHTML, like Gecko) Chrome/28.0.1468.0 Safari/537.36" "-foreground" "-no-remote" "-profile" "/tmp/rust_mozprofilegzbFXx"
1631555769613	Marionette	INFO	Marionette enabled
console.warn: SearchSettings: "get: No settings file exists, new profile?" (new NotFoundError("Could not open the file at /tmp/rust_mozprofilegzbFXx/search.json.mozlz4", (void 0)))
1631555770676	Marionette	INFO	Listening on port 35567
1631555770768	RemoteAgent	WARN	TLS certificate errors will be ignored for this session
JavaScript warning: https://www.googletagmanager.com/gtm.js?id=GTM-K9B9NWQ, line 250: unreachable code after return statement
JavaScript warning: https://www.googletagmanager.com/gtm.js?id=GTM-K9B9NWQ, line 250: unreachable code after return statement
JavaScript warning: https://www.googletagmanager.com/gtm.js?id=GTM-K9B9NWQ, line 250: unreachable code after return statement
JavaScript warning: https://www.googletagmanager.com/gtm.js?id=GTM-K9B9NWQ, line 250: unreachable code after return statement
Exiting due to channel error.
Exiting due to channel error.
Exiting due to channel error.
1631555911743	geckodriver	INFO	Listening on 127.0.0.1:53329
1631555912746	mozrunner::runner	INFO	Running command: "/usr/bin/firefox" "--marionette" "user-agent=Mozilla/5.0 (Windows NT 6.3; WOW64) AppleWebKit/537.36 (KHTML, like Gecko) Chrome/41.0.2225.0 Safari/537.36" "-foreground" "-no-remote" "-profile" "/tmp/rust_mozprofileeYelPt"
1631555913407	Marionette	INFO	Marionette enabled
console.warn: SearchSettings: "get: No settings file exists, new profile?" (new NotFoundError("Could not open the file at /tmp/rust_mozprofileeYelPt/search.json.mozlz4", (void 0)))
1631555914509	Marionette	INFO	Listening on port 32947
1631555914560	RemoteAgent	WARN	TLS certificate errors will be ignored for this session
JavaScript warning: https://www.googletagmanager.com/gtm.js?id=GTM-K9B9NWQ, line 250: unreachable code after return statement
JavaScript warning: https://www.googletagmanager.com/gtm.js?id=GTM-K9B9NWQ, line 250: unreachable code after return statement
JavaScript warning: https://www.googletagmanager.com/gtm.js?id=GTM-K9B9NWQ, line 250: unreachable code after return statement
JavaScript warning: https://www.googletagmanager.com/gtm.js?id=GTM-K9B9NWQ, line 250: unreachable code after return statement
console.log: WebExtensions: reset-default-search: starting.
console.log: WebExtensions: reset-default-search: No addons in our list are installed.
console.error: (new TypeError("parent is null", "resource://devtools/client/inspector/shared/style-change-tracker.js", 67))
TypeError: parent is null: canMutationImpactCurrentStyles@resource://devtools/client/inspector/shared/style-change-tracker.js:67:24
onMutations@resource://devtools/client/inspector/shared/style-change-tracker.js:84:41
_emit@resource://devtools/shared/event-emitter.js:244:34
emit@resource://devtools/shared/event-emitter.js:190:18
emit@resource://devtools/shared/event-emitter.js:342:18
getMutations@resource://devtools/client/fronts/walker.js:311:10

console.error: (new TypeError("container.node.targetFront is null", "resource://devtools/client/inspector/markup/markup.js", 2309))
console.error: (new TypeError("container.node.targetFront is null", "resource://devtools/client/inspector/markup/markup.js", 2309))
console.error: (new TypeError("parent is null", "resource://devtools/client/inspector/shared/style-change-tracker.js", 67))
TypeError: parent is null: canMutationImpactCurrentStyles@resource://devtools/client/inspector/shared/style-change-tracker.js:67:24
onMutations@resource://devtools/client/inspector/shared/style-change-tracker.js:84:41
_emit@resource://devtools/shared/event-emitter.js:244:34
emit@resource://devtools/shared/event-emitter.js:190:18
emit@resource://devtools/shared/event-emitter.js:342:18
getMutations@resource://devtools/client/fronts/walker.js:311:10

console.error: (new TypeError("container.node.targetFront is null", "resource://devtools/client/inspector/markup/markup.js", 2309))
console.error: (new TypeError("container.node.targetFront is null", "resource://devtools/client/inspector/markup/markup.js", 2309))
console.error: (new TypeError("container.node.targetFront is null", "resource://devtools/client/inspector/markup/markup.js", 2309))
console.error: "Error while calling actor 'pagestyle's method 'getApplied'" "node is null"
console.error: (new TypeError("node is null", "resource://devtools/server/actors/page-style.js", 570))
JavaScript warning: https://www.googletagmanager.com/gtm.js?id=GTM-K9B9NWQ, line 250: unreachable code after return statement
JavaScript warning: https://www.googletagmanager.com/gtm.js?id=GTM-K9B9NWQ, line 250: unreachable code after return statement
console.error: "Error while calling actor 'pagestyle's method 'getApplied'" "node is null"
console.error: (new TypeError("node is null", "resource://devtools/server/actors/page-style.js", 570))
JavaScript warning: https://www.googletagmanager.com/gtm.js?id=GTM-K9B9NWQ, line 250: unreachable code after return statement
JavaScript warning: https://www.googletagmanager.com/gtm.js?id=GTM-K9B9NWQ, line 250: unreachable code after return statement
JavaScript warning: https://www.googletagmanager.com/gtm.js?id=GTM-K9B9NWQ, line 250: unreachable code after return statement
JavaScript warning: https://www.googletagmanager.com/gtm.js?id=GTM-K9B9NWQ, line 250: unreachable code after return statement
JavaScript warning: https://www.googletagmanager.com/gtm.js?id=GTM-K9B9NWQ, line 250: unreachable code after return statement
JavaScript warning: https://www.googletagmanager.com/gtm.js?id=GTM-K9B9NWQ, line 250: unreachable code after return statement
JavaScript warning: https://www.googletagmanager.com/gtm.js?id=GTM-K9B9NWQ, line 250: unreachable code after return statement
JavaScript warning: https://www.googletagmanager.com/gtm.js?id=GTM-K9B9NWQ, line 250: unreachable code after return statement
console.error: "Error while calling actor 'pagestyle's method 'getApplied'" "node is null"
console.error: (new TypeError("node is null", "resource://devtools/server/actors/page-style.js", 570))
JavaScript warning: https://www.googletagmanager.com/gtm.js?id=GTM-K9B9NWQ, line 250: unreachable code after return statement
JavaScript warning: https://www.googletagmanager.com/gtm.js?id=GTM-K9B9NWQ, line 250: unreachable code after return statement
JavaScript warning: https://www.googletagmanager.com/gtm.js?id=GTM-K9B9NWQ, line 250: unreachable code after return statement
JavaScript warning: https://www.googletagmanager.com/gtm.js?id=GTM-K9B9NWQ, line 250: unreachable code after return statement
JavaScript warning: https://www.googletagmanager.com/gtm.js?id=GTM-K9B9NWQ, line 250: unreachable code after return statement
JavaScript warning: https://www.googletagmanager.com/gtm.js?id=GTM-K9B9NWQ, line 250: unreachable code after return statement
JavaScript warning: https://www.googletagmanager.com/gtm.js?id=GTM-K9B9NWQ, line 250: unreachable code after return statement
JavaScript warning: https://www.googletagmanager.com/gtm.js?id=GTM-K9B9NWQ, line 250: unreachable code after return statement
JavaScript warning: https://www.googletagmanager.com/gtm.js?id=GTM-K9B9NWQ, line 250: unreachable code after return statement
JavaScript warning: https://www.googletagmanager.com/gtm.js?id=GTM-K9B9NWQ, line 250: unreachable code after return statement
Exiting due to channel error.
Exiting due to channel error.
Exiting due to channel error.
1631563450549	geckodriver	INFO	Listening on 127.0.0.1:59787
1631563450551	mozrunner::runner	INFO	Running command: "/usr/bin/firefox" "--marionette" "user-agent=Mozilla/5.0 (Windows NT 6.1; WOW64) AppleWebKit/537.17 (KHTML, like Gecko) Chrome/24.0.1312.60 Safari/537.17" "-foreground" "-no-remote" "-profile" "/tmp/rust_mozprofile48mmod"
1631563451181	Marionette	INFO	Marionette enabled
console.warn: SearchSettings: "get: No settings file exists, new profile?" (new NotFoundError("Could not open the file at /tmp/rust_mozprofile48mmod/search.json.mozlz4", (void 0)))
1631563452118	Marionette	INFO	Listening on port 37319
1631563452164	RemoteAgent	WARN	TLS certificate errors will be ignored for this session
JavaScript warning: https://www.googletagmanager.com/gtm.js?id=GTM-K9B9NWQ, line 250: unreachable code after return statement
JavaScript warning: https://www.googletagmanager.com/gtm.js?id=GTM-K9B9NWQ, line 250: unreachable code after return statement
Exiting due to channel error.
Exiting due to channel error.
Exiting due to channel error.
1631563534468	geckodriver	INFO	Listening on 127.0.0.1:54433
1631563534470	mozrunner::runner	INFO	Running command: "/usr/bin/firefox" "--marionette" "user-agent=Mozilla/5.0 (Windows NT 5.1) AppleWebKit/537.36 (KHTML, like Gecko) Chrome/35.0.2309.372 Safari/537.36" "-foreground" "-no-remote" "-profile" "/tmp/rust_mozprofileMPj84g"
1631563535203	Marionette	INFO	Marionette enabled
console.warn: SearchSettings: "get: No settings file exists, new profile?" (new NotFoundError("Could not open the file at /tmp/rust_mozprofileMPj84g/search.json.mozlz4", (void 0)))
1631563536280	Marionette	INFO	Listening on port 33329
1631563536383	RemoteAgent	WARN	TLS certificate errors will be ignored for this session
JavaScript warning: https://www.googletagmanager.com/gtm.js?id=GTM-K9B9NWQ, line 250: unreachable code after return statement
JavaScript warning: https://www.googletagmanager.com/gtm.js?id=GTM-K9B9NWQ, line 250: unreachable code after return statement
Exiting due to channel error.
Exiting due to channel error.
Exiting due to channel error.
1631563690631	geckodriver	INFO	Listening on 127.0.0.1:51355
1631563690633	mozrunner::runner	INFO	Running command: "/usr/bin/firefox" "--marionette" "user-agent=Mozilla/5.0 (X11; NetBSD) AppleWebKit/537.36 (KHTML, like Gecko) Chrome/27.0.1453.116 Safari/537.36" "-foreground" "-no-remote" "-profile" "/tmp/rust_mozprofilefimez1"
1631563691261	Marionette	INFO	Marionette enabled
console.warn: SearchSettings: "get: No settings file exists, new profile?" (new NotFoundError("Could not open the file at /tmp/rust_mozprofilefimez1/search.json.mozlz4", (void 0)))
1631563692180	Marionette	INFO	Listening on port 42105
1631563692246	RemoteAgent	WARN	TLS certificate errors will be ignored for this session
JavaScript warning: https://www.googletagmanager.com/gtm.js?id=GTM-K9B9NWQ, line 250: unreachable code after return statement
JavaScript warning: https://www.googletagmanager.com/gtm.js?id=GTM-K9B9NWQ, line 250: unreachable code after return statement
Exiting due to channel error.
Exiting due to channel error.
Exiting due to channel error.
1631563800668	geckodriver	INFO	Listening on 127.0.0.1:45083
1631563800671	mozrunner::runner	INFO	Running command: "/usr/bin/firefox" "--marionette" "user-agent=Mozilla/5.0 (X11; Linux x86_64) AppleWebKit/537.36 (KHTML, like Gecko) Chrome/34.0.1847.137 Safari/4E423F" "-foreground" "-no-remote" "-profile" "/tmp/rust_mozprofileRKNc9c"
1631563801301	Marionette	INFO	Marionette enabled
console.warn: SearchSettings: "get: No settings file exists, new profile?" (new NotFoundError("Could not open the file at /tmp/rust_mozprofileRKNc9c/search.json.mozlz4", (void 0)))
1631563802277	Marionette	INFO	Listening on port 39133
1631563802387	RemoteAgent	WARN	TLS certificate errors will be ignored for this session
JavaScript warning: https://www.googletagmanager.com/gtm.js?id=GTM-K9B9NWQ, line 250: unreachable code after return statement
JavaScript warning: https://www.googletagmanager.com/gtm.js?id=GTM-K9B9NWQ, line 250: unreachable code after return statement
Exiting due to channel error.
Exiting due to channel error.
Exiting due to channel error.
1631563863039	geckodriver	INFO	Listening on 127.0.0.1:42313
1631563863042	mozrunner::runner	INFO	Running command: "/usr/bin/firefox" "--marionette" "user-agent=Mozilla/5.0 (Windows NT 4.0; WOW64) AppleWebKit/537.36 (KHTML, like Gecko) Chrome/37.0.2049.0 Safari/537.36" "-foreground" "-no-remote" "-profile" "/tmp/rust_mozprofilecvxsOw"
1631563863671	Marionette	INFO	Marionette enabled
console.warn: SearchSettings: "get: No settings file exists, new profile?" (new NotFoundError("Could not open the file at /tmp/rust_mozprofilecvxsOw/search.json.mozlz4", (void 0)))
1631563864650	Marionette	INFO	Listening on port 44869
1631563864757	RemoteAgent	WARN	TLS certificate errors will be ignored for this session
JavaScript warning: https://www.googletagmanager.com/gtm.js?id=GTM-K9B9NWQ, line 250: unreachable code after return statement
JavaScript warning: https://www.googletagmanager.com/gtm.js?id=GTM-K9B9NWQ, line 250: unreachable code after return statement
JavaScript warning: https://www.googletagmanager.com/gtm.js?id=GTM-K9B9NWQ, line 250: unreachable code after return statement
JavaScript warning: https://www.googletagmanager.com/gtm.js?id=GTM-K9B9NWQ, line 250: unreachable code after return statement
console.log: WebExtensions: reset-default-search: starting.
console.log: WebExtensions: reset-default-search: No addons in our list are installed.
JavaScript warning: https://www.googletagmanager.com/gtm.js?id=GTM-K9B9NWQ, line 250: unreachable code after return statement
JavaScript warning: https://www.googletagmanager.com/gtm.js?id=GTM-K9B9NWQ, line 250: unreachable code after return statement
Exiting due to channel error.
Exiting due to channel error.
Exiting due to channel error.
1631564321664	geckodriver	INFO	Listening on 127.0.0.1:57289
1631564321666	mozrunner::runner	INFO	Running command: "/usr/bin/firefox" "--marionette" "user-agent=Mozilla/5.0 (Macintosh; Intel Mac OS X 10_9_2) AppleWebKit/537.36 (KHTML, like Gecko) Chrome/36.0.1944.0 Safari/537.36" "-foreground" "-no-remote" "-profile" "/tmp/rust_mozprofile9tqgu2"
1631564322296	Marionette	INFO	Marionette enabled
console.warn: SearchSettings: "get: No settings file exists, new profile?" (new NotFoundError("Could not open the file at /tmp/rust_mozprofile9tqgu2/search.json.mozlz4", (void 0)))
1631564323225	Marionette	INFO	Listening on port 42183
1631564323282	RemoteAgent	WARN	TLS certificate errors will be ignored for this session
JavaScript warning: https://www.googletagmanager.com/gtm.js?id=GTM-K9B9NWQ, line 250: unreachable code after return statement
JavaScript warning: https://www.googletagmanager.com/gtm.js?id=GTM-K9B9NWQ, line 250: unreachable code after return statement
1631564396011	Marionette	INFO	Stopped listening on port 42183
JavaScript error: resource:///modules/Interactions.jsm, line 230: NS_ERROR_FAILURE: Component returned failure code: 0x80004005 (NS_ERROR_FAILURE) [nsIUserIdleService.removeIdleObserver]

###!!! [Parent][RunMessage] Error: Channel closing: too late to send/recv, messages will be lost

1631564407935	geckodriver	INFO	Listening on 127.0.0.1:56837
1631564407937	mozrunner::runner	INFO	Running command: "/usr/bin/firefox" "--marionette" "user-agent=Mozilla/5.0 (Windows NT 5.1) AppleWebKit/537.36 (KHTML, like Gecko) Chrome/41.0.2224.3 Safari/537.36" "-foreground" "-no-remote" "-profile" "/tmp/rust_mozprofile473L2P"
1631564408600	Marionette	INFO	Marionette enabled
console.warn: SearchSettings: "get: No settings file exists, new profile?" (new NotFoundError("Could not open the file at /tmp/rust_mozprofile473L2P/search.json.mozlz4", (void 0)))
1631564409625	Marionette	INFO	Listening on port 40801
1631564409654	RemoteAgent	WARN	TLS certificate errors will be ignored for this session
JavaScript warning: https://www.googletagmanager.com/gtm.js?id=GTM-K9B9NWQ, line 250: unreachable code after return statement
JavaScript warning: https://www.googletagmanager.com/gtm.js?id=GTM-K9B9NWQ, line 250: unreachable code after return statement
Exiting due to channel error.
Exiting due to channel error.
Exiting due to channel error.
1631564469436	geckodriver	INFO	Listening on 127.0.0.1:39123
1631564469438	mozrunner::runner	INFO	Running command: "/usr/bin/firefox" "--marionette" "user-agent=Mozilla/5.0 (Macintosh; Intel Mac OS X 10_9_3) AppleWebKit/537.36 (KHTML, like Gecko) Chrome/35.0.1916.47 Safari/537.36" "-foreground" "-no-remote" "-profile" "/tmp/rust_mozprofilesn9bnD"
1631564470090	Marionette	INFO	Marionette enabled
console.warn: SearchSettings: "get: No settings file exists, new profile?" (new NotFoundError("Could not open the file at /tmp/rust_mozprofilesn9bnD/search.json.mozlz4", (void 0)))
1631564471000	Marionette	INFO	Listening on port 46831
1631564471052	RemoteAgent	WARN	TLS certificate errors will be ignored for this session
JavaScript warning: https://www.googletagmanager.com/gtm.js?id=GTM-K9B9NWQ, line 250: unreachable code after return statement
JavaScript warning: https://www.googletagmanager.com/gtm.js?id=GTM-K9B9NWQ, line 250: unreachable code after return statement
JavaScript warning: https://www.googletagmanager.com/gtm.js?id=GTM-K9B9NWQ, line 250: unreachable code after return statement
JavaScript warning: https://www.googletagmanager.com/gtm.js?id=GTM-K9B9NWQ, line 250: unreachable code after return statement
JavaScript warning: https://www.googletagmanager.com/gtm.js?id=GTM-K9B9NWQ, line 250: unreachable code after return statement
JavaScript warning: https://www.googletagmanager.com/gtm.js?id=GTM-K9B9NWQ, line 250: unreachable code after return statement
JavaScript warning: https://www.googletagmanager.com/gtm.js?id=GTM-K9B9NWQ, line 250: unreachable code after return statement
JavaScript warning: https://www.googletagmanager.com/gtm.js?id=GTM-K9B9NWQ, line 250: unreachable code after return statement
Exiting due to channel error.
Exiting due to channel error.
Exiting due to channel error.
1631564593600	geckodriver	INFO	Listening on 127.0.0.1:50117
1631564594604	mozrunner::runner	INFO	Running command: "/usr/bin/firefox" "--marionette" "user-agent=Mozilla/5.0 (Windows NT 6.1; WOW64) AppleWebKit/537.36 (KHTML, like Gecko) Chrome/36.0.1985.67 Safari/537.36" "-foreground" "-no-remote" "-profile" "/tmp/rust_mozprofiletmQZWc"
1631564595261	Marionette	INFO	Marionette enabled
console.warn: SearchSettings: "get: No settings file exists, new profile?" (new NotFoundError("Could not open the file at /tmp/rust_mozprofiletmQZWc/search.json.mozlz4", (void 0)))
1631564596162	Marionette	INFO	Listening on port 43841
1631564596218	RemoteAgent	WARN	TLS certificate errors will be ignored for this session
JavaScript warning: https://www.googletagmanager.com/gtm.js?id=GTM-K9B9NWQ, line 250: unreachable code after return statement
JavaScript warning: https://www.googletagmanager.com/gtm.js?id=GTM-K9B9NWQ, line 250: unreachable code after return statement
JavaScript warning: https://www.googletagmanager.com/gtm.js?id=GTM-K9B9NWQ, line 250: unreachable code after return statement
JavaScript warning: https://www.googletagmanager.com/gtm.js?id=GTM-K9B9NWQ, line 250: unreachable code after return statement
JavaScript warning: https://www.googletagmanager.com/gtm.js?id=GTM-K9B9NWQ, line 250: unreachable code after return statement
JavaScript warning: https://www.googletagmanager.com/gtm.js?id=GTM-K9B9NWQ, line 250: unreachable code after return statement
JavaScript warning: https://www.googletagmanager.com/gtm.js?id=GTM-K9B9NWQ, line 250: unreachable code after return statement
JavaScript warning: https://www.googletagmanager.com/gtm.js?id=GTM-K9B9NWQ, line 250: unreachable code after return statement
JavaScript error: , line 0: TypeError: NetworkError when attempting to fetch resource.
JavaScript error: , line 0: TypeError: NetworkError when attempting to fetch resource.
Exiting due to channel error.
Exiting due to channel error.
Exiting due to channel error.
1631565256278	geckodriver	INFO	Listening on 127.0.0.1:52033
1631565256282	mozrunner::runner	INFO	Running command: "/usr/bin/firefox" "--marionette" "user-agent=Mozilla/5.0 (Windows NT 5.1) AppleWebKit/537.36 (KHTML, like Gecko) Chrome/41.0.2224.3 Safari/537.36" "-foreground" "-no-remote" "-profile" "/tmp/rust_mozprofileYq5NxN"
1631565256913	Marionette	INFO	Marionette enabled
console.warn: SearchSettings: "get: No settings file exists, new profile?" (new NotFoundError("Could not open the file at /tmp/rust_mozprofileYq5NxN/search.json.mozlz4", (void 0)))
1631565257916	Marionette	INFO	Listening on port 34527
1631565257995	RemoteAgent	WARN	TLS certificate errors will be ignored for this session
JavaScript warning: https://www.googletagmanager.com/gtm.js?id=GTM-K9B9NWQ, line 250: unreachable code after return statement
JavaScript warning: https://www.googletagmanager.com/gtm.js?id=GTM-K9B9NWQ, line 250: unreachable code after return statement
JavaScript warning: https://www.googletagmanager.com/gtm.js?id=GTM-K9B9NWQ, line 250: unreachable code after return statement
JavaScript warning: https://www.googletagmanager.com/gtm.js?id=GTM-K9B9NWQ, line 250: unreachable code after return statement
JavaScript warning: https://www.googletagmanager.com/gtm.js?id=GTM-K9B9NWQ, line 250: unreachable code after return statement
JavaScript warning: https://www.googletagmanager.com/gtm.js?id=GTM-K9B9NWQ, line 250: unreachable code after return statement
JavaScript warning: https://www.googletagmanager.com/gtm.js?id=GTM-K9B9NWQ, line 250: unreachable code after return statement
JavaScript warning: https://www.googletagmanager.com/gtm.js?id=GTM-K9B9NWQ, line 250: unreachable code after return statement
JavaScript error: , line 0: TypeError: NetworkError when attempting to fetch resource.
JavaScript error: , line 0: TypeError: NetworkError when attempting to fetch resource.
JavaScript error: , line 0: TypeError: NetworkError when attempting to fetch resource.
console.log: WebExtensions: reset-default-search: starting.
console.log: WebExtensions: reset-default-search: No addons in our list are installed.
JavaScript error: resource:///actors/ContentMetaChild.jsm, line 179: InvalidStateError: JSWindowActorChild.sendAsyncMessage: JSWindowActorChild cannot send at the moment
JavaScript error: resource:///actors/ContentMetaChild.jsm, line 179: InvalidStateError: JSWindowActorChild.sendAsyncMessage: JSWindowActorChild cannot send at the moment
JavaScript error: resource:///actors/ContentMetaChild.jsm, line 179: InvalidStateError: JSWindowActorChild.sendAsyncMessage: JSWindowActorChild cannot send at the moment
JavaScript warning: https://www.googletagmanager.com/gtm.js?id=GTM-K9B9NWQ, line 250: unreachable code after return statement
JavaScript warning: https://www.googletagmanager.com/gtm.js?id=GTM-K9B9NWQ, line 250: unreachable code after return statement
JavaScript warning: https://www.googletagmanager.com/gtm.js?id=GTM-K9B9NWQ, line 250: unreachable code after return statement
JavaScript warning: https://www.googletagmanager.com/gtm.js?id=GTM-K9B9NWQ, line 250: unreachable code after return statement
JavaScript warning: https://www.googletagmanager.com/gtm.js?id=GTM-K9B9NWQ, line 250: unreachable code after return statement
JavaScript warning: https://www.googletagmanager.com/gtm.js?id=GTM-K9B9NWQ, line 250: unreachable code after return statement
JavaScript warning: https://www.googletagmanager.com/gtm.js?id=GTM-K9B9NWQ, line 250: unreachable code after return statement
JavaScript warning: https://www.googletagmanager.com/gtm.js?id=GTM-K9B9NWQ, line 250: unreachable code after return statement
JavaScript warning: https://www.googletagmanager.com/gtm.js?id=GTM-K9B9NWQ, line 250: unreachable code after return statement
JavaScript warning: https://www.googletagmanager.com/gtm.js?id=GTM-K9B9NWQ, line 250: unreachable code after return statement
JavaScript error: resource:///actors/ContentMetaChild.jsm, line 179: InvalidStateError: JSWindowActorChild.sendAsyncMessage: JSWindowActorChild cannot send at the moment
JavaScript error: resource:///actors/ContentMetaChild.jsm, line 179: InvalidStateError: JSWindowActorChild.sendAsyncMessage: JSWindowActorChild cannot send at the moment
JavaScript error: resource:///actors/ContentMetaChild.jsm, line 179: InvalidStateError: JSWindowActorChild.sendAsyncMessage: JSWindowActorChild cannot send at the moment
console.error: "Error writing request: getGrids"
console.error: "Error writing request: getGrids"
console.error: "Error writing request: getGrids"
console.error: (new TypeError("currentNode is null", "resource://devtools/client/inspector/shared/style-change-tracker.js", 66))
TypeError: currentNode is null: canMutationImpactCurrentStyles@resource://devtools/client/inspector/shared/style-change-tracker.js:66:20
onMutations@resource://devtools/client/inspector/shared/style-change-tracker.js:84:41
_emit@resource://devtools/shared/event-emitter.js:244:34
emit@resource://devtools/shared/event-emitter.js:190:18
emit@resource://devtools/shared/event-emitter.js:342:18
getMutations@resource://devtools/client/fronts/walker.js:311:10

console.error: "Error writing request: getGrids"
console.error: "Error writing request: getGrids"
console.error: "Error writing request: getGrids"
console.error: "Error writing request: getGrids"
console.error: "Error writing request: getGrids"
console.error: "Error writing request: getGrids"
console.error: "Error writing request: getGrids"
console.error: "Error writing request: getGrids"
console.error: "Error writing request: getGrids"
Exiting due to channel error.
Exiting due to channel error.
Exiting due to channel error.
1631567063194	geckodriver	INFO	Listening on 127.0.0.1:41245
1631567064205	mozrunner::runner	INFO	Running command: "/usr/bin/firefox" "--marionette" "user-agent=Mozilla/5.0 (Windows NT 5.1) AppleWebKit/537.36 (KHTML, like Gecko) Chrome/35.0.2117.157 Safari/537.36" "-foreground" "-no-remote" "-profile" "/tmp/rust_mozprofilepdHPsJ"
1631567064873	Marionette	INFO	Marionette enabled
console.warn: SearchSettings: "get: No settings file exists, new profile?" (new NotFoundError("Could not open the file at /tmp/rust_mozprofilepdHPsJ/search.json.mozlz4", (void 0)))
1631567065829	Marionette	INFO	Listening on port 34097
1631567065919	RemoteAgent	WARN	TLS certificate errors will be ignored for this session
JavaScript warning: https://www.googletagmanager.com/gtm.js?id=GTM-K9B9NWQ, line 250: unreachable code after return statement
JavaScript warning: https://www.googletagmanager.com/gtm.js?id=GTM-K9B9NWQ, line 250: unreachable code after return statement
JavaScript warning: https://www.googletagmanager.com/gtm.js?id=GTM-K9B9NWQ, line 250: unreachable code after return statement
JavaScript warning: https://www.googletagmanager.com/gtm.js?id=GTM-K9B9NWQ, line 250: unreachable code after return statement
JavaScript warning: https://www.googletagmanager.com/gtm.js?id=GTM-K9B9NWQ, line 250: unreachable code after return statement
JavaScript warning: https://www.googletagmanager.com/gtm.js?id=GTM-K9B9NWQ, line 250: unreachable code after return statement
JavaScript warning: https://www.googletagmanager.com/gtm.js?id=GTM-K9B9NWQ, line 250: unreachable code after return statement
JavaScript warning: https://www.googletagmanager.com/gtm.js?id=GTM-K9B9NWQ, line 250: unreachable code after return statement
console.log: WebExtensions: reset-default-search: starting.
console.log: WebExtensions: reset-default-search: No addons in our list are installed.
[GFX1-]: GFX: RenderThread detected a device reset in PostUpdate
Unflushed glGetGraphicsResetStatus: 0x92bb
JavaScript warning: https://www.googletagmanager.com/gtm.js?id=GTM-K9B9NWQ, line 250: unreachable code after return statement
JavaScript warning: https://www.googletagmanager.com/gtm.js?id=GTM-K9B9NWQ, line 250: unreachable code after return statement
JavaScript warning: https://www.googletagmanager.com/gtm.js?id=GTM-K9B9NWQ, line 250: unreachable code after return statement
JavaScript warning: https://www.googletagmanager.com/gtm.js?id=GTM-K9B9NWQ, line 250: unreachable code after return statement
JavaScript warning: https://www.googletagmanager.com/gtm.js?id=GTM-K9B9NWQ, line 250: unreachable code after return statement
JavaScript warning: https://www.googletagmanager.com/gtm.js?id=GTM-K9B9NWQ, line 250: unreachable code after return statement
JavaScript warning: https://www.googletagmanager.com/gtm.js?id=GTM-K9B9NWQ, line 250: unreachable code after return statement
JavaScript warning: https://www.googletagmanager.com/gtm.js?id=GTM-K9B9NWQ, line 250: unreachable code after return statement
JavaScript warning: https://www.googletagmanager.com/gtm.js?id=GTM-K9B9NWQ, line 250: unreachable code after return statement
JavaScript warning: https://www.googletagmanager.com/gtm.js?id=GTM-K9B9NWQ, line 250: unreachable code after return statement
JavaScript warning: https://www.googletagmanager.com/gtm.js?id=GTM-K9B9NWQ, line 250: unreachable code after return statement
JavaScript warning: https://www.googletagmanager.com/gtm.js?id=GTM-K9B9NWQ, line 250: unreachable code after return statement
JavaScript warning: https://www.googletagmanager.com/gtm.js?id=GTM-K9B9NWQ, line 250: unreachable code after return statement
JavaScript warning: https://www.googletagmanager.com/gtm.js?id=GTM-K9B9NWQ, line 250: unreachable code after return statement
console.error: "Error writing request: getGrids"
console.error: "Error writing request: getGrids"
console.error: "Error writing request: getGrids"
console.error: "Error writing request: getGrids"
console.error: "Error writing request: getGrids"
console.error: "Error writing request: getGrids"
console.error: "Error writing request: getGrids"
console.error: "Error writing request: getGrids"
console.error: "Error writing request: getGrids"
console.error: "Error writing request: getGrids"
console.error: "Error writing request: getGrids"
console.error: "Error writing request: getGrids"
1631640262704	geckodriver	INFO	Listening on 127.0.0.1:59677
1631640263709	mozrunner::runner	INFO	Running command: "/usr/bin/firefox" "--marionette" "--proxy-server=128.21.0.0:8080" "user-agent=Opera/9.80 (Windows NT 6.1; U; en-US) Presto/2.7.62 Version/11.01" "-foreground" "-no-remote" "-profile" "/tmp/rust_mozprofileXTeiiY"
1631640264532	Marionette	INFO	Marionette enabled
console.warn: SearchSettings: "get: No settings file exists, new profile?" (new NotFoundError("Could not open the file at /tmp/rust_mozprofileXTeiiY/search.json.mozlz4", (void 0)))
1631640265596	Marionette	INFO	Listening on port 42157
1631640265644	RemoteAgent	WARN	TLS certificate errors will be ignored for this session
1631640372407	Marionette	INFO	Stopped listening on port 42157
JavaScript error: resource:///modules/Interactions.jsm, line 230: NS_ERROR_FAILURE: Component returned failure code: 0x80004005 (NS_ERROR_FAILURE) [nsIUserIdleService.removeIdleObserver]
JavaScript error: chrome://remote/content/marionette/cert.js, line 55: NS_ERROR_NOT_AVAILABLE: Component returned failure code: 0x80040111 (NS_ERROR_NOT_AVAILABLE) [nsICertOverrideService.setDisableAllSecurityChecksAndLetAttackersInterceptMyData]

###!!! [Parent][RunMessage] Error: Channel closing: too late to send/recv, messages will be lost

1631640391088	geckodriver	INFO	Listening on 127.0.0.1:34925
1631640391090	mozrunner::runner	INFO	Running command: "/usr/bin/firefox" "--marionette" "--proxy-server=37.216.246.59" "user-agent=Mozilla/5.0 (Windows NT 5.1) AppleWebKit/537.36 (KHTML, like Gecko) Chrome/35.0.2117.157 Safari/537.36" "-foreground" "-no-remote" "-profile" "/tmp/rust_mozprofilethavda"
1631640391868	Marionette	INFO	Marionette enabled
console.warn: SearchSettings: "get: No settings file exists, new profile?" (new NotFoundError("Could not open the file at /tmp/rust_mozprofilethavda/search.json.mozlz4", (void 0)))
1631640392941	Marionette	INFO	Listening on port 37317
1631640393005	RemoteAgent	WARN	TLS certificate errors will be ignored for this session
1631640550248	Marionette	INFO	Stopped listening on port 37317
JavaScript error: resource:///modules/Interactions.jsm, line 230: NS_ERROR_FAILURE: Component returned failure code: 0x80004005 (NS_ERROR_FAILURE) [nsIUserIdleService.removeIdleObserver]
JavaScript error: chrome://remote/content/marionette/cert.js, line 55: NS_ERROR_NOT_AVAILABLE: Component returned failure code: 0x80040111 (NS_ERROR_NOT_AVAILABLE) [nsICertOverrideService.setDisableAllSecurityChecksAndLetAttackersInterceptMyData]
1631640554450	geckodriver	INFO	Listening on 127.0.0.1:42555
1631640555460	mozrunner::runner	INFO	Running command: "/usr/bin/firefox" "--marionette" "--proxy-server=37.216.246.59:5678" "user-agent=Mozilla/5.0 (X11; Linux x86_64) AppleWebKit/537.36 (KHTML, like Gecko) Chrome/34.0.1847.137 Safari/4E423F" "-foreground" "-no-remote" "-profile" "/tmp/rust_mozprofileZvmdxe"
1631640556257	Marionette	INFO	Marionette enabled
console.warn: SearchSettings: "get: No settings file exists, new profile?" (new NotFoundError("Could not open the file at /tmp/rust_mozprofileZvmdxe/search.json.mozlz4", (void 0)))
1631640557392	Marionette	INFO	Listening on port 36633
1631640557485	RemoteAgent	WARN	TLS certificate errors will be ignored for this session
1631640588017	Marionette	INFO	Stopped listening on port 36633
JavaScript error: resource:///modules/Interactions.jsm, line 230: NS_ERROR_FAILURE: Component returned failure code: 0x80004005 (NS_ERROR_FAILURE) [nsIUserIdleService.removeIdleObserver]
1631640588036	geckodriver	INFO	Listening on 127.0.0.1:42233
1631640588039	mozrunner::runner	INFO	Running command: "/usr/bin/firefox" "--marionette" "--proxy-server=37.216.246.59:5678" "user-agent=Mozilla/5.0 (Windows NT 6.1; WOW64) AppleWebKit/537.36 (KHTML, like Gecko) Chrome/27.0.1453.93 Safari/537.36" "-foreground" "-no-remote" "-profile" "/tmp/rust_mozprofileFIyQPB"
JavaScript error: chrome://remote/content/marionette/cert.js, line 55: NS_ERROR_NOT_AVAILABLE: Component returned failure code: 0x80040111 (NS_ERROR_NOT_AVAILABLE) [nsICertOverrideService.setDisableAllSecurityChecksAndLetAttackersInterceptMyData]
1631640588788	Marionette	INFO	Marionette enabled
console.warn: SearchSettings: "get: No settings file exists, new profile?" (new NotFoundError("Could not open the file at /tmp/rust_mozprofileFIyQPB/search.json.mozlz4", (void 0)))
1631640589893	Marionette	INFO	Listening on port 38295
1631640589973	RemoteAgent	WARN	TLS certificate errors will be ignored for this session
JavaScript warning: https://www.googletagmanager.com/gtm.js?id=GTM-K9B9NWQ, line 250: unreachable code after return statement
JavaScript warning: https://www.googletagmanager.com/gtm.js?id=GTM-K9B9NWQ, line 250: unreachable code after return statement
JavaScript warning: https://www.googletagmanager.com/gtm.js?id=GTM-K9B9NWQ, line 250: unreachable code after return statement
JavaScript warning: https://www.googletagmanager.com/gtm.js?id=GTM-K9B9NWQ, line 250: unreachable code after return statement
JavaScript warning: https://www.googletagmanager.com/gtm.js?id=GTM-K9B9NWQ, line 250: unreachable code after return statement
JavaScript warning: https://www.googletagmanager.com/gtm.js?id=GTM-K9B9NWQ, line 250: unreachable code after return statement
JavaScript warning: https://www.googletagmanager.com/gtm.js?id=GTM-K9B9NWQ, line 250: unreachable code after return statement
JavaScript warning: https://www.googletagmanager.com/gtm.js?id=GTM-K9B9NWQ, line 250: unreachable code after return statement
JavaScript error: , line 0: TypeError: NetworkError when attempting to fetch resource.
JavaScript error: , line 0: TypeError: NetworkError when attempting to fetch resource.
JavaScript error: , line 0: TypeError: NetworkError when attempting to fetch resource.
JavaScript error: , line 0: TypeError: NetworkError when attempting to fetch resource.
JavaScript error: , line 0: TypeError: NetworkError when attempting to fetch resource.
JavaScript error: , line 0: TypeError: NetworkError when attempting to fetch resource.
JavaScript error: , line 0: TypeError: NetworkError when attempting to fetch resource.
JavaScript error: , line 0: TypeError: NetworkError when attempting to fetch resource.
JavaScript error: , line 0: TypeError: NetworkError when attempting to fetch resource.
JavaScript error: , line 0: TypeError: NetworkError when attempting to fetch resource.
JavaScript error: , line 0: TypeError: NetworkError when attempting to fetch resource.
JavaScript error: , line 0: TypeError: NetworkError when attempting to fetch resource.
JavaScript warning: https://unpkg.com/@google/model-viewer/dist/model-viewer.min.js, line 204: WebGL warning: generateMipmap: Tex image TEXTURE_2D level 0 is incurring lazy initialization.
JavaScript warning: https://unpkg.com/@google/model-viewer/dist/model-viewer.min.js, line 204: WebGL warning: generateMipmap: Tex image TEXTURE_2D level 0 is incurring lazy initialization.
console.log: WebExtensions: reset-default-search: starting.
console.log: WebExtensions: reset-default-search: No addons in our list are installed.
JavaScript error: , line 0: TypeError: NetworkError when attempting to fetch resource.
JavaScript error: , line 0: TypeError: NetworkError when attempting to fetch resource.
JavaScript error: , line 0: TypeError: NetworkError when attempting to fetch resource.
JavaScript error: , line 0: TypeError: NetworkError when attempting to fetch resource.
JavaScript error: , line 0: TypeError: NetworkError when attempting to fetch resource.
JavaScript error: , line 0: TypeError: NetworkError when attempting to fetch resource.
JavaScript error: , line 0: TypeError: NetworkError when attempting to fetch resource.
JavaScript error: , line 0: TypeError: NetworkError when attempting to fetch resource.
JavaScript error: , line 0: TypeError: NetworkError when attempting to fetch resource.
JavaScript error: , line 0: TypeError: NetworkError when attempting to fetch resource.
JavaScript error: , line 0: TypeError: NetworkError when attempting to fetch resource.
JavaScript error: , line 0: TypeError: NetworkError when attempting to fetch resource.
JavaScript error: , line 0: TypeError: NetworkError when attempting to fetch resource.
1631643966114	Marionette	INFO	Stopped listening on port 38295
JavaScript error: resource:///modules/Interactions.jsm, line 230: NS_ERROR_FAILURE: Component returned failure code: 0x80004005 (NS_ERROR_FAILURE) [nsIUserIdleService.removeIdleObserver]
JavaScript error: chrome://remote/content/marionette/cert.js, line 55: NS_ERROR_NOT_AVAILABLE: Component returned failure code: 0x80040111 (NS_ERROR_NOT_AVAILABLE) [nsICertOverrideService.setDisableAllSecurityChecksAndLetAttackersInterceptMyData]

###!!! [Parent][RunMessage] Error: Channel closing: too late to send/recv, messages will be lost

1631646699058	geckodriver	INFO	Listening on 127.0.0.1:37469
1631646700071	mozrunner::runner	INFO	Running command: "/usr/bin/firefox" "--marionette" "--proxy-server= \t51.36.76.148:5678" "user-agent=Mozilla/5.0 (Windows NT 5.1) AppleWebKit/537.36 (KHTML, like Gecko) Chrome/34.0.1866.237 Safari/537.36" "-foreground" "-no-remote" "-profile" "/tmp/rust_mozprofilejbsnhv"
1631646700862	Marionette	INFO	Marionette enabled
console.warn: SearchSettings: "get: No settings file exists, new profile?" (new NotFoundError("Could not open the file at /tmp/rust_mozprofilejbsnhv/search.json.mozlz4", (void 0)))
1631646701996	Marionette	INFO	Listening on port 45471
1631646702142	RemoteAgent	WARN	TLS certificate errors will be ignored for this session
1631646738077	Marionette	INFO	Stopped listening on port 45471
JavaScript error: resource:///modules/Interactions.jsm, line 230: NS_ERROR_FAILURE: Component returned failure code: 0x80004005 (NS_ERROR_FAILURE) [nsIUserIdleService.removeIdleObserver]
JavaScript error: chrome://remote/content/marionette/cert.js, line 55: NS_ERROR_NOT_AVAILABLE: Component returned failure code: 0x80040111 (NS_ERROR_NOT_AVAILABLE) [nsICertOverrideService.setDisableAllSecurityChecksAndLetAttackersInterceptMyData]

###!!! [Parent][RunMessage] Error: Channel closing: too late to send/recv, messages will be lost

1631646782512	geckodriver	INFO	Listening on 127.0.0.1:46701
1631646782514	mozrunner::runner	INFO	Running command: "/usr/bin/firefox" "--marionette" "user-agent=Mozilla/5.0 (compatible; MSIE 9.0; Windows NT 6.0; Trident/4.0; GTB7.4; InfoPath.3; SV1; .NET CLR 3.1.76908; WOW64; en-US)" "-foreground" "-no-remote" "-profile" "/tmp/rust_mozprofileUObjlf"
1631646783228	Marionette	INFO	Marionette enabled
console.warn: SearchSettings: "get: No settings file exists, new profile?" (new NotFoundError("Could not open the file at /tmp/rust_mozprofileUObjlf/search.json.mozlz4", (void 0)))
1631646784395	Marionette	INFO	Listening on port 39101
1631646784429	RemoteAgent	WARN	TLS certificate errors will be ignored for this session
JavaScript warning: https://www.googletagmanager.com/gtm.js?id=GTM-K9B9NWQ, line 250: unreachable code after return statement
JavaScript warning: https://www.googletagmanager.com/gtm.js?id=GTM-K9B9NWQ, line 250: unreachable code after return statement
JavaScript warning: https://www.googletagmanager.com/gtm.js?id=GTM-K9B9NWQ, line 250: unreachable code after return statement
JavaScript warning: https://www.googletagmanager.com/gtm.js?id=GTM-K9B9NWQ, line 250: unreachable code after return statement
JavaScript warning: https://www.googletagmanager.com/gtm.js?id=GTM-K9B9NWQ, line 250: unreachable code after return statement
JavaScript warning: https://www.googletagmanager.com/gtm.js?id=GTM-K9B9NWQ, line 250: unreachable code after return statement
JavaScript warning: https://www.googletagmanager.com/gtm.js?id=GTM-K9B9NWQ, line 250: unreachable code after return statement
JavaScript warning: https://www.googletagmanager.com/gtm.js?id=GTM-K9B9NWQ, line 250: unreachable code after return statement
console.error: "Error writing request: getGrids"
console.error: "Error writing request: getGrids"
console.error: (new TypeError("currentNode is null", "resource://devtools/client/inspector/shared/style-change-tracker.js", 66))
TypeError: currentNode is null: canMutationImpactCurrentStyles@resource://devtools/client/inspector/shared/style-change-tracker.js:66:20
onMutations@resource://devtools/client/inspector/shared/style-change-tracker.js:84:41
_emit@resource://devtools/shared/event-emitter.js:244:34
emit@resource://devtools/shared/event-emitter.js:190:18
emit@resource://devtools/shared/event-emitter.js:342:18
getMutations@resource://devtools/client/fronts/walker.js:311:10

console.error: "Error writing request: getGrids"
console.error: "Error writing request: getGrids"
console.error: "Error writing request: getGrids"
console.error: "Error writing request: getGrids"
console.error: "Error writing request: getGrids"
console.error: "Error writing request: getGrids"
console.error: "Error writing request: getGrids"
console.error: "Error writing request: getGrids"
console.error: "Error writing request: getGrids"
JavaScript error: , line 0: TypeError: NetworkError when attempting to fetch resource.
console.error: "Error writing request: getGrids"
console.error: "Error writing request: getGrids"
console.error: "Error while calling actor 'pagestyle's method 'getApplied'" "node is null"
console.error: (new TypeError("node is null", "resource://devtools/server/actors/page-style.js", 570))
console.error: (new Error("Protocol error (TypeError): node is null from: server0.conn0.child4/pagestyle25 (resource://devtools/server/actors/page-style.js:570:5)", "resource://devtools/shared/protocol/Front.js", 362))
console.error: "Error writing request: getGrids"
console.error: "Error writing request: getGrids"
console.error: "Error writing request: getGrids"
console.error: "Error writing request: getGrids"
console.error: "Error writing request: getGrids"
console.error: "Error writing request: getGrids"
console.error: "Error writing request: getGrids"
console.error: "Error writing request: getGrids"
console.error: "Error writing request: getGrids"
console.error: "Error writing request: getGrids"
console.error: "Error writing request: getGrids"
console.error: "Error writing request: getGrids"
console.error: "Error writing request: getGrids"
console.error: "Error writing request: getGrids"
console.error: "Error writing request: getGrids"
console.error: "Error writing request: getGrids"
console.error: "Error writing request: getGrids"
console.error: "Error writing request: getGrids"
console.error: "Error writing request: getGrids"
console.error: "Error writing request: getGrids"
console.error: "Error writing request: getGrids"
console.error: "Error writing request: getGrids"
console.error: "Error writing request: getGrids"
console.error: "Error writing request: getGrids"
console.error: "Error writing request: getGrids"
console.error: "Error writing request: getGrids"
console.error: "Error writing request: getGrids"
console.error: "Error writing request: getGrids"
console.error: "Error writing request: getGrids"
console.error: "Error writing request: getGrids"
console.error: "Error writing request: getGrids"
console.error: "Error writing request: getGrids"
console.error: "Error writing request: getGrids"
console.error: "Error writing request: getGrids"
console.error: "Error writing request: getGrids"
console.error: "Error writing request: getGrids"
console.error: "Error writing request: getGrids"
console.error: "Error writing request: getGrids"
console.error: "Error writing request: getGrids"
console.error: "Error writing request: getGrids"
console.error: "Error writing request: getGrids"
console.error: "Error writing request: getGrids"
console.error: "Error writing request: getGrids"
console.error: "Error writing request: getGrids"
console.error: "Error writing request: getGrids"
console.error: "Error writing request: getGrids"
console.error: "Error writing request: getGrids"
console.error: "Error writing request: getGrids"
console.error: "Error writing request: getGrids"
console.error: "Error writing request: getGrids"
console.error: "Error writing request: getGrids"
console.error: "Error writing request: getGrids"
console.error: "Error writing request: getGrids"
console.error: "Error writing request: getGrids"
console.error: "Error writing request: getGrids"
console.error: "Error writing request: getGrids"
console.log: WebExtensions: reset-default-search: starting.
console.log: WebExtensions: reset-default-search: No addons in our list are installed.
console.error: (new TypeError("currentNode is null", "resource://devtools/client/inspector/shared/style-change-tracker.js", 66))
TypeError: currentNode is null: canMutationImpactCurrentStyles@resource://devtools/client/inspector/shared/style-change-tracker.js:66:20
onMutations@resource://devtools/client/inspector/shared/style-change-tracker.js:84:41
_emit@resource://devtools/shared/event-emitter.js:244:34
emit@resource://devtools/shared/event-emitter.js:190:18
emit@resource://devtools/shared/event-emitter.js:342:18
getMutations@resource://devtools/client/fronts/walker.js:311:10

console.error: "Error writing request: getGrids"
console.error: "Error writing request: getGrids"
console.error: "Error writing request: getGrids"
console.error: "Error writing request: getGrids"
JavaScript warning: https://unpkg.com/@google/model-viewer/dist/model-viewer.min.js, line 204: WebGL warning: generateMipmap: Tex image TEXTURE_2D level 0 is incurring lazy initialization.
JavaScript warning: https://unpkg.com/@google/model-viewer/dist/model-viewer.min.js, line 204: WebGL warning: generateMipmap: Tex image TEXTURE_2D level 0 is incurring lazy initialization.
console.error: "Error writing request: getGrids"
console.error: "Error writing request: getGrids"
console.error: "Error writing request: getGrids"
console.error: "Error writing request: getGrids"
console.error: "Error writing request: getGrids"
console.error: "Error writing request: getGrids"
console.error: "Error writing request: getGrids"
console.error: "Error writing request: getGrids"
console.error: "Error writing request: getGrids"
console.error: "Error writing request: getGrids"
console.error: "Error writing request: getGrids"
console.error: "Error writing request: getGrids"
console.error: "Error writing request: getGrids"
console.error: "Error writing request: getGrids"
console.error: "Error writing request: getGrids"
console.error: "Error writing request: getGrids"
console.error: "Error writing request: getGrids"
console.error: "Error writing request: getGrids"
console.error: "Error writing request: getGrids"
console.error: "Error writing request: getGrids"
console.error: "Error writing request: getGrids"
console.error: "Error writing request: getGrids"
console.error: "Error writing request: getGrids"
console.error: "Error writing request: getGrids"
console.error: "Error writing request: getGrids"
console.error: "Error writing request: getGrids"
console.error: "Error writing request: getGrids"
console.error: "Error writing request: getGrids"
console.error: "Error writing request: getGrids"
console.error: "Error writing request: getGrids"
console.error: "Error writing request: getGrids"
console.error: "Error writing request: getGrids"
JavaScript error: , line 0: TypeError: NetworkError when attempting to fetch resource.
console.error: "Error writing request: getGrids"
console.error: "Error writing request: getGrids"
console.error: "Error writing request: getGrids"
console.error: "Error writing request: getGrids"
console.error: "Error writing request: getGrids"
console.error: "Error writing request: getGrids"
console.error: "Error writing request: getGrids"
console.error: "Error writing request: getGrids"
console.error: "Error writing request: getGrids"
console.error: "Error writing request: getGrids"
console.error: "Error while calling actor 'pagestyle's method 'getApplied'" "node is null"
console.error: (new TypeError("node is null", "resource://devtools/server/actors/page-style.js", 570))
console.error: (new Error("Protocol error (TypeError): node is null from: server0.conn0.child4/pagestyle25 (resource://devtools/server/actors/page-style.js:570:5)", "resource://devtools/shared/protocol/Front.js", 362))
console.error: "Error writing request: getGrids"
console.error: "Error writing request: getGrids"
console.error: "Error writing request: getGrids"
console.error: "Error writing request: getGrids"
console.error: "Error writing request: getGrids"
console.error: "Error writing request: getGrids"
console.error: "Error writing request: getGrids"
console.error: "Error writing request: getGrids"
console.error: "Error writing request: getGrids"
console.error: "Error writing request: getGrids"
console.error: "Error writing request: getGrids"
console.error: (new TypeError("currentNode is null", "resource://devtools/client/inspector/shared/style-change-tracker.js", 66))
TypeError: currentNode is null: canMutationImpactCurrentStyles@resource://devtools/client/inspector/shared/style-change-tracker.js:66:20
onMutations@resource://devtools/client/inspector/shared/style-change-tracker.js:84:41
_emit@resource://devtools/shared/event-emitter.js:244:34
emit@resource://devtools/shared/event-emitter.js:190:18
emit@resource://devtools/shared/event-emitter.js:342:18
getMutations@resource://devtools/client/fronts/walker.js:311:10

console.error: "Error writing request: getGrids"
console.error: "Error writing request: getGrids"
console.error: "Error writing request: getGrids"
console.error: "Error writing request: getGrids"
console.error: "Error writing request: getGrids"
console.error: "Error writing request: getGrids"
console.error: "Error writing request: getGrids"
console.error: "Error writing request: getGrids"
console.error: "Error writing request: getGrids"
console.error: "Error writing request: getGrids"
console.error: "Error writing request: getGrids"
console.error: "Error writing request: getGrids"
console.error: "Error writing request: getGrids"
console.error: "Error writing request: getGrids"
console.error: "Error writing request: getGrids"
console.error: "Error writing request: getGrids"
console.error: "Error writing request: getGrids"
console.error: "Error writing request: getGrids"
console.error: "Error writing request: getGrids"
console.error: "Error writing request: getGrids"
console.error: "Error writing request: getGrids"
console.error: "Error while calling actor 'pagestyle's method 'getApplied'" "node is null"
console.error: (new TypeError("node is null", "resource://devtools/server/actors/page-style.js", 570))
console.error: (new Error("Protocol error (TypeError): node is null from: server0.conn0.child4/pagestyle25 (resource://devtools/server/actors/page-style.js:570:5)", "resource://devtools/shared/protocol/Front.js", 362))
console.error: "Error writing request: getGrids"
console.error: "Error writing request: getGrids"
console.error: "Error writing request: getGrids"
console.error: "Error writing request: getGrids"
console.error: "Error writing request: getGrids"
console.error: "Error writing request: getGrids"
console.error: (new TypeError("currentNode is null", "resource://devtools/client/inspector/shared/style-change-tracker.js", 66))
TypeError: currentNode is null: canMutationImpactCurrentStyles@resource://devtools/client/inspector/shared/style-change-tracker.js:66:20
onMutations@resource://devtools/client/inspector/shared/style-change-tracker.js:84:41
_emit@resource://devtools/shared/event-emitter.js:244:34
emit@resource://devtools/shared/event-emitter.js:190:18
emit@resource://devtools/shared/event-emitter.js:342:18
getMutations@resource://devtools/client/fronts/walker.js:311:10

console.error: "Error writing request: getGrids"
console.error: "Error writing request: getGrids"
1631647455794	Marionette	WARN	Ignoring event 'DOMContentLoaded' because document has an invalid readyState of 'complete'.
console.error: "Error writing request: getGrids"
console.error: "Error writing request: getGrids"
console.error: "Error writing request: getGrids"
console.error: "Error writing request: getGrids"
console.error: "Error while calling actor 'pagestyle's method 'getApplied'" "node is null"
console.error: (new TypeError("node is null", "resource://devtools/server/actors/page-style.js", 570))
console.error: (new Error("Protocol error (TypeError): node is null from: server0.conn0.child4/pagestyle25 (resource://devtools/server/actors/page-style.js:570:5)", "resource://devtools/shared/protocol/Front.js", 362))
console.error: "Error writing request: getGrids"
console.error: "Error writing request: getGrids"
console.error: "Error writing request: getGrids"
console.error: "Error writing request: getGrids"
console.error: "Error writing request: getGrids"
console.error: "Error writing request: getGrids"
console.error: "Error writing request: getGrids"
console.error: "Error writing request: getGrids"
console.error: "Error writing request: getGrids"
console.error: "Error writing request: getGrids"
console.error: (new TypeError("currentNode is null", "resource://devtools/client/inspector/shared/style-change-tracker.js", 66))
TypeError: currentNode is null: canMutationImpactCurrentStyles@resource://devtools/client/inspector/shared/style-change-tracker.js:66:20
onMutations@resource://devtools/client/inspector/shared/style-change-tracker.js:84:41
_emit@resource://devtools/shared/event-emitter.js:244:34
emit@resource://devtools/shared/event-emitter.js:190:18
emit@resource://devtools/shared/event-emitter.js:342:18
getMutations@resource://devtools/client/fronts/walker.js:311:10

console.error: "Error writing request: getGrids"
console.error: "Error writing request: getGrids"
console.error: "Error writing request: getGrids"
console.error: "Error writing request: getGrids"
console.error: "Error writing request: getGrids"
console.error: "Error while calling actor 'pagestyle's method 'getLayout'" "node is null"
console.error: (new TypeError("node is null", "resource://devtools/server/actors/page-style.js", 1001))
console.error: (new Error("Protocol error (TypeError): node is null from: server0.conn0.child4/pagestyle25 (resource://devtools/server/actors/page-style.js:1001:5)", "resource://devtools/shared/protocol/Front.js", 362))
console.error: "Error writing request: getGrids"
console.error: "Error writing request: getGrids"
console.error: "Error writing request: getGrids"
console.error: "Error writing request: getGrids"
console.error: "Error writing request: getGrids"
console.error: (new TypeError("currentNode is null", "resource://devtools/client/inspector/shared/style-change-tracker.js", 66))
TypeError: currentNode is null: canMutationImpactCurrentStyles@resource://devtools/client/inspector/shared/style-change-tracker.js:66:20
onMutations@resource://devtools/client/inspector/shared/style-change-tracker.js:84:41
_emit@resource://devtools/shared/event-emitter.js:244:34
emit@resource://devtools/shared/event-emitter.js:190:18
emit@resource://devtools/shared/event-emitter.js:342:18
getMutations@resource://devtools/client/fronts/walker.js:311:10

console.error: "Error writing request: getGrids"
console.error: "Error writing request: getGrids"
console.error: "Error writing request: getGrids"
console.error: "Error while calling actor 'pagestyle's method 'getLayout'" "node is null"
console.error: (new TypeError("node is null", "resource://devtools/server/actors/page-style.js", 1001))
console.error: (new Error("Protocol error (TypeError): node is null from: server0.conn0.child4/pagestyle25 (resource://devtools/server/actors/page-style.js:1001:5)", "resource://devtools/shared/protocol/Front.js", 362))
console.error: "Error writing request: getGrids"
console.error: "Error writing request: getGrids"
console.error: "Error writing request: getGrids"
console.error: "Error writing request: getGrids"
console.error: "Error while calling actor 'pagestyle's method 'getApplied'" "node is null"
console.error: (new TypeError("node is null", "resource://devtools/server/actors/page-style.js", 570))
console.error: "Error while calling actor 'pagestyle's method 'getApplied'" "node is null"
console.error: (new TypeError("node is null", "resource://devtools/server/actors/page-style.js", 570))
console.error: (new Error("Protocol error (TypeError): node is null from: server0.conn0.child4/pagestyle25 (resource://devtools/server/actors/page-style.js:570:5)", "resource://devtools/shared/protocol/Front.js", 362))
console.error: "Error writing request: getGrids"
console.error: "Error writing request: getGrids"
console.error: "Error while calling actor 'pagestyle's method 'getLayout'" "node is null"
console.error: (new TypeError("node is null", "resource://devtools/server/actors/page-style.js", 1001))
console.error: (new Error("Protocol error (TypeError): node is null from: server0.conn0.child4/pagestyle25 (resource://devtools/server/actors/page-style.js:1001:5)", "resource://devtools/shared/protocol/Front.js", 362))
console.error: "Error while calling actor 'pagestyle's method 'getApplied'" "node is null"
console.error: (new TypeError("node is null", "resource://devtools/server/actors/page-style.js", 570))
console.error: (new Error("Protocol error (TypeError): node is null from: server0.conn0.child4/pagestyle25 (resource://devtools/server/actors/page-style.js:570:5)", "resource://devtools/shared/protocol/Front.js", 362))
console.error: "Error writing request: getGrids"
console.error: (new TypeError("currentNode is null", "resource://devtools/client/inspector/shared/style-change-tracker.js", 66))
TypeError: currentNode is null: canMutationImpactCurrentStyles@resource://devtools/client/inspector/shared/style-change-tracker.js:66:20
onMutations@resource://devtools/client/inspector/shared/style-change-tracker.js:84:41
_emit@resource://devtools/shared/event-emitter.js:244:34
emit@resource://devtools/shared/event-emitter.js:190:18
emit@resource://devtools/shared/event-emitter.js:342:18
getMutations@resource://devtools/client/fronts/walker.js:311:10

console.error: (new TypeError("currentNode is null", "resource://devtools/client/inspector/shared/style-change-tracker.js", 66))
TypeError: currentNode is null: canMutationImpactCurrentStyles@resource://devtools/client/inspector/shared/style-change-tracker.js:66:20
onMutations@resource://devtools/client/inspector/shared/style-change-tracker.js:84:41
_emit@resource://devtools/shared/event-emitter.js:244:34
emit@resource://devtools/shared/event-emitter.js:190:18
emit@resource://devtools/shared/event-emitter.js:342:18
getMutations@resource://devtools/client/fronts/walker.js:311:10

console.error: "Error writing request: getGrids"
console.error: "Error writing request: getGrids"
console.error: "Error writing request: getGrids"
console.error: "Error writing request: getGrids"
console.error: "Error writing request: getGrids"
console.error: "Error writing request: getGrids"
console.error: (new TypeError("currentNode is null", "resource://devtools/client/inspector/shared/style-change-tracker.js", 66))
TypeError: currentNode is null: canMutationImpactCurrentStyles@resource://devtools/client/inspector/shared/style-change-tracker.js:66:20
onMutations@resource://devtools/client/inspector/shared/style-change-tracker.js:84:41
_emit@resource://devtools/shared/event-emitter.js:244:34
emit@resource://devtools/shared/event-emitter.js:190:18
emit@resource://devtools/shared/event-emitter.js:342:18
getMutations@resource://devtools/client/fronts/walker.js:311:10

console.error: "Error writing request: getGrids"
console.error: "Error writing request: getGrids"
console.error: "Error writing request: getGrids"
console.error: "Error writing request: getGrids"
console.error: "Error writing request: getGrids"
console.error: "Error writing request: getGrids"
console.error: "Error writing request: getGrids"
console.error: "Error writing request: getGrids"
console.error: "Error while calling actor 'pagestyle's method 'getLayout'" "node is null"
console.error: (new TypeError("node is null", "resource://devtools/server/actors/page-style.js", 1001))
console.error: (new Error("Protocol error (TypeError): node is null from: server0.conn0.child4/pagestyle25 (resource://devtools/server/actors/page-style.js:1001:5)", "resource://devtools/shared/protocol/Front.js", 362))
console.error: "Error while calling actor 'pagestyle's method 'getLayout'" "node is null"
console.error: (new TypeError("node is null", "resource://devtools/server/actors/page-style.js", 1001))
console.error: (new Error("Protocol error (TypeError): node is null from: server0.conn0.child4/pagestyle25 (resource://devtools/server/actors/page-style.js:1001:5)", "resource://devtools/shared/protocol/Front.js", 362))
console.error: "Error writing request: getGrids"
console.error: "Error writing request: getGrids"
console.error: "Error while calling actor 'pagestyle's method 'getLayout'" "node is null"
console.error: (new TypeError("node is null", "resource://devtools/server/actors/page-style.js", 1001))
console.error: (new Error("Protocol error (TypeError): node is null from: server0.conn0.child4/pagestyle25 (resource://devtools/server/actors/page-style.js:1001:5)", "resource://devtools/shared/protocol/Front.js", 362))
console.error: "Error writing request: getGrids"
console.error: "Error writing request: getGrids"
console.error: "Error writing request: getGrids"
console.error: "Error writing request: getGrids"
console.error: "Error writing request: getGrids"
console.error: "Error writing request: getGrids"
console.error: "Error writing request: getGrids"
console.error: "Error writing request: getGrids"
console.error: "Error writing request: getGrids"
console.error: "Error writing request: getGrids"
console.error: "Error writing request: getGrids"
console.error: (new TypeError("currentNode is null", "resource://devtools/client/inspector/shared/style-change-tracker.js", 66))
TypeError: currentNode is null: canMutationImpactCurrentStyles@resource://devtools/client/inspector/shared/style-change-tracker.js:66:20
onMutations@resource://devtools/client/inspector/shared/style-change-tracker.js:84:41
_emit@resource://devtools/shared/event-emitter.js:244:34
emit@resource://devtools/shared/event-emitter.js:190:18
emit@resource://devtools/shared/event-emitter.js:342:18
getMutations@resource://devtools/client/fronts/walker.js:311:10

console.error: "Error writing request: getGrids"
console.error: "Error writing request: getGrids"
console.error: "Error writing request: getGrids"
console.error: "Error writing request: getGrids"
console.error: "Error writing request: getGrids"
console.error: "Error writing request: getGrids"
console.error: "Error writing request: getGrids"
console.error: "Error writing request: getGrids"
console.error: "Error writing request: getGrids"
console.error: (new TypeError("currentNode is null", "resource://devtools/client/inspector/shared/style-change-tracker.js", 66))
TypeError: currentNode is null: canMutationImpactCurrentStyles@resource://devtools/client/inspector/shared/style-change-tracker.js:66:20
onMutations@resource://devtools/client/inspector/shared/style-change-tracker.js:84:41
_emit@resource://devtools/shared/event-emitter.js:244:34
emit@resource://devtools/shared/event-emitter.js:190:18
emit@resource://devtools/shared/event-emitter.js:342:18
getMutations@resource://devtools/client/fronts/walker.js:311:10

console.error: "Error writing request: getGrids"
console.error: "Error writing request: getGrids"
console.error: "Error writing request: getGrids"
console.error: "Error writing request: getGrids"
console.error: "Error writing request: getGrids"
console.error: "Error writing request: getGrids"
console.error: "Error while calling actor 'pagestyle's method 'getApplied'" "node is null"
console.error: (new TypeError("node is null", "resource://devtools/server/actors/page-style.js", 570))
console.error: (new Error("Protocol error (TypeError): node is null from: server0.conn0.child4/pagestyle25 (resource://devtools/server/actors/page-style.js:570:5)", "resource://devtools/shared/protocol/Front.js", 362))
console.error: "Error writing request: getGrids"
console.error: "Error writing request: getGrids"
console.error: "Error writing request: getGrids"
console.error: "Error writing request: getGrids"
console.error: "Error while calling actor 'pagestyle's method 'getApplied'" "node is null"
console.error: (new TypeError("node is null", "resource://devtools/server/actors/page-style.js", 570))
console.error: (new Error("Protocol error (TypeError): node is null from: server0.conn0.child4/pagestyle25 (resource://devtools/server/actors/page-style.js:570:5)", "resource://devtools/shared/protocol/Front.js", 362))
console.error: "Error writing request: getGrids"
console.error: "Error writing request: getGrids"
console.error: "Error writing request: getGrids"
console.error: "Error writing request: getGrids"
console.error: "Error writing request: getGrids"
console.error: "Error writing request: getGrids"
console.error: "Error writing request: getGrids"
console.error: "Error writing request: getGrids"
console.error: "Error writing request: getGrids"
console.error: "Error writing request: getGrids"
console.error: "Error writing request: getGrids"
console.error: "Error writing request: getGrids"
console.error: "Error writing request: getGrids"
console.error: "Error writing request: getGrids"
console.error: "Error writing request: getGrids"
console.error: "Error writing request: getGrids"
console.error: "Error writing request: getGrids"
console.error: "Error writing request: getGrids"
console.error: "Error writing request: getGrids"
console.error: "Error writing request: getGrids"
console.error: "Error writing request: getGrids"
console.error: "Error writing request: getGrids"
console.error: "Error writing request: getGrids"
console.error: "Error writing request: getGrids"
console.error: "Error writing request: getGrids"
console.error: "Error writing request: getGrids"
console.error: "Error writing request: getGrids"
console.error: "Error writing request: getGrids"
console.error: "Error writing request: getGrids"
console.error: "Error writing request: getGrids"
console.error: "Error writing request: getGrids"
console.error: "Error writing request: getGrids"
console.error: "Error while calling actor 'pagestyle's method 'getApplied'" "node is null"
console.error: (new TypeError("node is null", "resource://devtools/server/actors/page-style.js", 570))
console.error: (new Error("Protocol error (TypeError): node is null from: server0.conn0.child4/pagestyle25 (resource://devtools/server/actors/page-style.js:570:5)", "resource://devtools/shared/protocol/Front.js", 362))
console.error: "Error writing request: getGrids"
console.error: "Error writing request: getGrids"
console.error: "Error writing request: getGrids"
console.error: "Error writing request: getGrids"
console.error: "Error writing request: getGrids"
console.error: "Error writing request: getGrids"
console.error: "Error writing request: getGrids"
console.error: "Error while calling actor 'pagestyle's method 'getApplied'" "node is null"
console.error: (new TypeError("node is null", "resource://devtools/server/actors/page-style.js", 570))
console.error: (new Error("Protocol error (TypeError): node is null from: server0.conn0.child4/pagestyle25 (resource://devtools/server/actors/page-style.js:570:5)", "resource://devtools/shared/protocol/Front.js", 362))
console.error: "Error writing request: getGrids"
console.error: "Error writing request: getGrids"
console.error: "Error writing request: getGrids"
console.error: "Error writing request: getGrids"
console.error: "Error writing request: getGrids"
console.error: "Error writing request: getGrids"
console.error: "Error writing request: getGrids"
console.error: "Error writing request: getGrids"
console.error: "Error writing request: getGrids"
console.error: "Error writing request: getGrids"
console.error: "Error writing request: getGrids"
console.error: "Error writing request: getGrids"
console.error: "Error writing request: getGrids"
console.error: "Error while calling actor 'pagestyle's method 'getLayout'" "node is null"
console.error: (new TypeError("node is null", "resource://devtools/server/actors/page-style.js", 1001))
console.error: (new Error("Protocol error (TypeError): node is null from: server0.conn0.child4/pagestyle25 (resource://devtools/server/actors/page-style.js:1001:5)", "resource://devtools/shared/protocol/Front.js", 362))
console.error: "Error writing request: getGrids"
console.error: "Error writing request: getGrids"
console.error: "Error writing request: getGrids"
console.error: "Error writing request: getGrids"
console.error: "Error writing request: getGrids"
console.error: "Error writing request: getGrids"
console.error: "Error writing request: getGrids"
console.error: "Error writing request: getGrids"
console.error: "Error writing request: getGrids"
console.error: "Error writing request: getGrids"
console.error: "Error writing request: getGrids"
console.error: "Error writing request: getGrids"
console.error: "Error writing request: getGrids"
console.error: "Error writing request: getGrids"
console.error: "Error writing request: getGrids"
console.error: "Error writing request: getGrids"
console.error: "Error while calling actor 'pagestyle's method 'getLayout'" "node is null"
console.error: (new TypeError("node is null", "resource://devtools/server/actors/page-style.js", 1001))
console.error: (new Error("Protocol error (TypeError): node is null from: server0.conn0.child4/pagestyle25 (resource://devtools/server/actors/page-style.js:1001:5)", "resource://devtools/shared/protocol/Front.js", 362))
console.error: "Error writing request: getGrids"
console.error: "Error writing request: getGrids"
console.error: "Error writing request: getGrids"
console.error: "Error writing request: getGrids"
console.error: "Error while calling actor 'pagestyle's method 'getLayout'" "node is null"
console.error: (new TypeError("node is null", "resource://devtools/server/actors/page-style.js", 1001))
console.error: (new Error("Protocol error (TypeError): node is null from: server0.conn0.child4/pagestyle25 (resource://devtools/server/actors/page-style.js:1001:5)", "resource://devtools/shared/protocol/Front.js", 362))
console.error: "Error writing request: getGrids"
console.error: "Error writing request: getGrids"
console.error: "Error writing request: getGrids"
console.error: "Error writing request: getGrids"
console.error: "Error writing request: getGrids"
console.error: "Error writing request: getGrids"
console.error: "Error writing request: getGrids"
console.error: "Error writing request: getGrids"
console.error: "Error writing request: getGrids"
console.error: "Error writing request: getGrids"
console.error: "Error while calling actor 'pagestyle's method 'getLayout'" "node is null"
console.error: (new TypeError("node is null", "resource://devtools/server/actors/page-style.js", 1001))
console.error: (new Error("Protocol error (TypeError): node is null from: server0.conn0.child4/pagestyle25 (resource://devtools/server/actors/page-style.js:1001:5)", "resource://devtools/shared/protocol/Front.js", 362))
console.error: "Error writing request: getGrids"
console.error: "Error writing request: getGrids"
console.error: "Error while calling actor 'pagestyle's method 'getLayout'" "node is null"
console.error: (new TypeError("node is null", "resource://devtools/server/actors/page-style.js", 1001))
console.error: (new Error("Protocol error (TypeError): node is null from: server0.conn0.child4/pagestyle25 (resource://devtools/server/actors/page-style.js:1001:5)", "resource://devtools/shared/protocol/Front.js", 362))
console.error: "Error writing request: getGrids"
console.error: "Error writing request: getGrids"
console.error: "Error while calling actor 'pagestyle's method 'getApplied'" "node is null"
console.error: (new TypeError("node is null", "resource://devtools/server/actors/page-style.js", 570))
console.error: (new Error("Protocol error (TypeError): node is null from: server0.conn0.child4/pagestyle25 (resource://devtools/server/actors/page-style.js:570:5)", "resource://devtools/shared/protocol/Front.js", 362))
console.error: "Error writing request: getGrids"
console.error: "Error writing request: getGrids"
console.error: "Error writing request: getGrids"
console.error: "Error writing request: getGrids"
console.error: "Error writing request: getGrids"
console.error: "Error writing request: getGrids"
console.error: "Error writing request: getGrids"
console.error: "Error while calling actor 'pagestyle's method 'getLayout'" "node is null"
console.error: (new TypeError("node is null", "resource://devtools/server/actors/page-style.js", 1001))
console.error: (new Error("Protocol error (TypeError): node is null from: server0.conn0.child4/pagestyle25 (resource://devtools/server/actors/page-style.js:1001:5)", "resource://devtools/shared/protocol/Front.js", 362))
console.error: "Error writing request: getGrids"
console.error: "Error writing request: getGrids"
console.error: "Error writing request: getGrids"
console.error: "Error writing request: getGrids"
console.error: "Error writing request: getGrids"
console.error: "Error writing request: getGrids"
console.error: "Error writing request: getGrids"
console.error: "Error writing request: getGrids"
console.error: "Error writing request: getGrids"
console.error: "Error writing request: getGrids"
console.error: "Error writing request: getGrids"
console.error: "Error writing request: getGrids"
console.error: "Error writing request: getGrids"
console.error: "Error writing request: getGrids"
console.error: "Error writing request: getGrids"
console.error: "Error writing request: getGrids"
console.error: "Error writing request: getGrids"
console.error: "Error writing request: getGrids"
console.error: "Error while calling actor 'pagestyle's method 'getLayout'" "node is null"
console.error: (new TypeError("node is null", "resource://devtools/server/actors/page-style.js", 1001))
console.error: (new Error("Protocol error (TypeError): node is null from: server0.conn0.child4/pagestyle25 (resource://devtools/server/actors/page-style.js:1001:5)", "resource://devtools/shared/protocol/Front.js", 362))
console.error: "Error writing request: getGrids"
console.error: "Error writing request: getGrids"
console.error: "Error writing request: getGrids"
console.error: "Error writing request: getGrids"
console.error: "Error writing request: getGrids"
console.error: "Error writing request: getGrids"
console.error: "Error writing request: getGrids"
console.error: "Error while calling actor 'pagestyle's method 'getApplied'" "node is null"
console.error: (new TypeError("node is null", "resource://devtools/server/actors/page-style.js", 570))
console.error: (new Error("Protocol error (TypeError): node is null from: server0.conn0.child4/pagestyle25 (resource://devtools/server/actors/page-style.js:570:5)", "resource://devtools/shared/protocol/Front.js", 362))
console.error: "Error writing request: getGrids"
console.error: "Error writing request: getGrids"
console.error: "Error while calling actor 'pagestyle's method 'getLayout'" "node is null"
console.error: (new TypeError("node is null", "resource://devtools/server/actors/page-style.js", 1001))
console.error: (new Error("Protocol error (TypeError): node is null from: server0.conn0.child4/pagestyle25 (resource://devtools/server/actors/page-style.js:1001:5)", "resource://devtools/shared/protocol/Front.js", 362))
console.error: "Error writing request: getGrids"
console.error: "Error writing request: getGrids"
console.error: "Error while calling actor 'pagestyle's method 'getApplied'" "node is null"
console.error: (new TypeError("node is null", "resource://devtools/server/actors/page-style.js", 570))
console.error: (new Error("Protocol error (TypeError): node is null from: server0.conn0.child4/pagestyle25 (resource://devtools/server/actors/page-style.js:570:5)", "resource://devtools/shared/protocol/Front.js", 362))
console.error: "Error writing request: getGrids"
console.error: "Error writing request: getGrids"
console.error: "Error writing request: getGrids"
console.error: "Error while calling actor 'pagestyle's method 'getApplied'" "node is null"
console.error: (new TypeError("node is null", "resource://devtools/server/actors/page-style.js", 570))
console.error: (new Error("Protocol error (TypeError): node is null from: server0.conn0.child4/pagestyle25 (resource://devtools/server/actors/page-style.js:570:5)", "resource://devtools/shared/protocol/Front.js", 362))
console.error: "Error writing request: getGrids"
console.error: "Error writing request: getGrids"
console.error: "Error writing request: getGrids"
console.error: "Error writing request: getGrids"
1631648571530	Marionette	WARN	Ignoring event 'DOMContentLoaded' because document has an invalid readyState of 'complete'.
console.error: "Error while calling actor 'pagestyle's method 'getApplied'" "node is null"
console.error: (new TypeError("node is null", "resource://devtools/server/actors/page-style.js", 570))
console.error: (new Error("Protocol error (TypeError): node is null from: server0.conn0.child4/pagestyle25 (resource://devtools/server/actors/page-style.js:570:5)", "resource://devtools/shared/protocol/Front.js", 362))
console.error: "Error writing request: getGrids"
console.error: "Error writing request: getGrids"
console.error: "Error while calling actor 'pagestyle's method 'getLayout'" "node is null"
console.error: (new TypeError("node is null", "resource://devtools/server/actors/page-style.js", 1001))
console.error: (new Error("Protocol error (TypeError): node is null from: server0.conn0.child4/pagestyle25 (resource://devtools/server/actors/page-style.js:1001:5)", "resource://devtools/shared/protocol/Front.js", 362))
console.error: "Error writing request: getGrids"
console.error: "Error writing request: getGrids"
console.error: "Error writing request: getGrids"
console.error: "Error writing request: getGrids"
console.error: "Error writing request: getGrids"
console.error: "Error writing request: getGrids"
console.error: "Error writing request: getGrids"
console.error: "Error writing request: getGrids"
console.error: "Error writing request: getGrids"
console.error: "Error writing request: getGrids"
console.error: "Error writing request: getGrids"
console.error: "Error writing request: getGrids"
console.error: "Error writing request: getGrids"
console.error: "Error writing request: getGrids"
console.error: "Error writing request: getGrids"
console.error: "Error writing request: getGrids"
console.error: "Error writing request: getGrids"
console.error: "Error writing request: getGrids"
console.error: "Error writing request: getGrids"
console.error: "Error writing request: getGrids"
1631648720288	Marionette	INFO	Stopped listening on port 34097
JavaScript error: resource:///modules/Interactions.jsm, line 230: NS_ERROR_FAILURE: Component returned failure code: 0x80004005 (NS_ERROR_FAILURE) [nsIUserIdleService.removeIdleObserver]
JavaScript error: chrome://remote/content/marionette/cert.js, line 55: NS_ERROR_NOT_AVAILABLE: Component returned failure code: 0x80040111 (NS_ERROR_NOT_AVAILABLE) [nsICertOverrideService.setDisableAllSecurityChecksAndLetAttackersInterceptMyData]

###!!! [Parent][RunMessage] Error: Channel closing: too late to send/recv, messages will be lost

1631649061813	Marionette	INFO	Stopped listening on port 39101
JavaScript error: resource:///modules/Interactions.jsm, line 230: NS_ERROR_FAILURE: Component returned failure code: 0x80004005 (NS_ERROR_FAILURE) [nsIUserIdleService.removeIdleObserver]

###!!! [Child][MessageChannel] Error: (msgtype=0x5B000C,name=PHttpChannel::Msg___delete__) Channel closing: too late to send/recv, messages will be lost

JavaScript error: chrome://remote/content/marionette/cert.js, line 55: NS_ERROR_NOT_AVAILABLE: Component returned failure code: 0x80040111 (NS_ERROR_NOT_AVAILABLE) [nsICertOverrideService.setDisableAllSecurityChecksAndLetAttackersInterceptMyData]

###!!! [Parent][RunMessage] Error: Channel closing: too late to send/recv, messages will be lost

